<?xml version="1.0" encoding="UTF-8"?>
<!-- Generated by org.testng.reporters.JUnitXMLReporter -->
<testsuite hostname="MSI" ignored="1" name="ChromeTestCases2" tests="20" failures="0" timestamp="2021-04-08T19:41:12 GMT-05:00" time="384.457" errors="0">
  <testcase name="testRegistration" time="5.673" classname="com.romanceabroad.ui.MainPageTests"/>
  <testcase name="testRegistration" time="6.098" classname="com.romanceabroad.ui.MainPageTests"/>
  <testcase name="testRegistration" time="4.753" classname="com.romanceabroad.ui.MainPageTests"/>
  <testcase name="testRegistration2" time="5.753" classname="com.romanceabroad.ui.MainPageTests"/>
  <testcase name="testSignIn" time="7.744" classname="com.romanceabroad.ui.MainPageTests"/>
  <testcase name="profilePageTest" time="98.131" classname="com.romanceabroad.ui.ProfileTest"/>
  <testcase name="prettyWomenPageTestCase1" time="8.077" classname="com.romanceabroad.ui.PrettyWomenTests"/>
  <testcase name="prettyWomenWebPageCase2" time="5.337" classname="com.romanceabroad.ui.PrettyWomenTests"/>
  <testcase name="searchDifferentResults4" time="7.019" classname="com.romanceabroad.ui.PrettyWomenTests"/>
  <testcase name="searchDifferentResults4" time="4.079" classname="com.romanceabroad.ui.PrettyWomenTests"/>
  <testcase name="searchDifferentResults4" time="7.113" classname="com.romanceabroad.ui.PrettyWomenTests"/>
  <testcase name="searchDifferentResults4" time="6.402" classname="com.romanceabroad.ui.PrettyWomenTests"/>
  <testcase name="testGalleriesTabs" time="16.154" classname="com.romanceabroad.ui.PhotosTests"/>
  <testcase name="testMediaPage" time="10.108" classname="com.romanceabroad.ui.PhotosTests"/>
  <testcase name="testArticlesAndTitles" time="17.087" classname="com.romanceabroad.ui.HowWeWorkTest"/>
  <testcase name="compareGiftTitlesWithOptions" time="2.718" classname="com.romanceabroad.ui.GiftTests"/>
  <testcase name="testLinkGiftsPage" time="5.209" classname="com.romanceabroad.ui.GiftTests"/>
  <testcase name="testValueOfTheListInFooterMenuGiftsPage" time="10.05" classname="com.romanceabroad.ui.GiftTests"/>
  <testcase name="testContactUsPage" time="10.609" classname="com.romanceabroad.ui.ContactUsTest"/>
  <testcase name="testBlog" time="8.361" classname="com.romanceabroad.ui.BlogTest"/>
  <testcase name="selectRandomDropDownListCase3" time="0.0" classname="com.romanceabroad.ui.PrettyWomenTests">
    <ignored/>
  </testcase> <!-- selectRandomDropDownListCase3 -->
</testsuite> <!-- ChromeTestCases2 -->
