<?xml version="1.0" encoding="UTF-8"?>
<testng-results ignored="0" total="5" passed="5" failed="0" skipped="0">
  <reporter-output>
  </reporter-output>
  <suite started-at="2021-04-02T14:16:18 GMT-05:00" name="TestSuite" finished-at="2021-04-02T14:24:37 GMT-05:00" duration-ms="498509">
    <groups>
    </groups>
    <test started-at="2021-04-02T14:16:18 GMT-05:00" name="ChromeTestCases2" finished-at="2021-04-02T14:24:37 GMT-05:00" duration-ms="498509">
      <class name="com.romanceabroad.ui.MainPageTests">
        <test-method is-config="true" signature="setup(java.lang.String, java.lang.reflect.Method)[pri:0, instance:com.romanceabroad.ui.MainPageTests@17c1bced]" started-at="2021-04-02T14:16:19 GMT-05:00" name="setup" finished-at="2021-04-02T14:18:37 GMT-05:00" duration-ms="138391" status="PASS">
          <params>
            <param index="0">
              <value>
                <![CDATA[chrome]]>
              </value>
            </param>
            <param index="1">
              <value>
                <![CDATA[public void com.romanceabroad.ui.MainPageTests.testRegistration(java.lang.String,java.lang.String,java.lang.String,java.lang.String,java.lang.String,java.lang.String,java.lang.String,java.lang.String)]]>
              </value>
            </param>
          </params>
          <reporter-output>
          </reporter-output>
        </test-method> <!-- setup -->
        <test-method signature="testRegistration(java.lang.String, java.lang.String, java.lang.String, java.lang.String, java.lang.String, java.lang.String, java.lang.String, java.lang.String)[pri:0, instance:com.romanceabroad.ui.MainPageTests@17c1bced]" started-at="2021-04-02T14:18:37 GMT-05:00" name="testRegistration" data-provider="Registration" finished-at="2021-04-02T14:18:49 GMT-05:00" duration-ms="12166" status="PASS">
          <params>
            <param index="0">
              <value>
                <![CDATA[file@gmail.com]]>
              </value>
            </param>
            <param index="1">
              <value>
                <![CDATA[password]]>
              </value>
            </param>
            <param index="2">
              <value>
                <![CDATA[10]]>
              </value>
            </param>
            <param index="3">
              <value>
                <![CDATA[May]]>
              </value>
            </param>
            <param index="4">
              <value>
                <![CDATA[2010]]>
              </value>
            </param>
            <param index="5">
              <value>
                <![CDATA[3479998888]]>
              </value>
            </param>
            <param index="6">
              <value>
                <![CDATA[Miami]]>
              </value>
            </param>
            <param index="7">
              <value>
                <![CDATA[Florida]]>
              </value>
            </param>
          </params>
          <reporter-output>
          </reporter-output>
        </test-method> <!-- testRegistration -->
        <test-method is-config="true" signature="afterActions()[pri:0, instance:com.romanceabroad.ui.MainPageTests@17c1bced]" started-at="2021-04-02T14:18:49 GMT-05:00" name="afterActions" finished-at="2021-04-02T14:18:49 GMT-05:00" duration-ms="1" status="PASS">
          <reporter-output>
          </reporter-output>
        </test-method> <!-- afterActions -->
        <test-method is-config="true" signature="setup(java.lang.String, java.lang.reflect.Method)[pri:0, instance:com.romanceabroad.ui.MainPageTests@17c1bced]" started-at="2021-04-02T14:18:49 GMT-05:00" name="setup" finished-at="2021-04-02T14:20:45 GMT-05:00" duration-ms="115762" status="PASS">
          <params>
            <param index="0">
              <value>
                <![CDATA[chrome]]>
              </value>
            </param>
            <param index="1">
              <value>
                <![CDATA[public void com.romanceabroad.ui.MainPageTests.testRegistration(java.lang.String,java.lang.String,java.lang.String,java.lang.String,java.lang.String,java.lang.String,java.lang.String,java.lang.String)]]>
              </value>
            </param>
          </params>
          <reporter-output>
          </reporter-output>
        </test-method> <!-- setup -->
        <test-method signature="testRegistration(java.lang.String, java.lang.String, java.lang.String, java.lang.String, java.lang.String, java.lang.String, java.lang.String, java.lang.String)[pri:0, instance:com.romanceabroad.ui.MainPageTests@17c1bced]" started-at="2021-04-02T14:20:45 GMT-05:00" name="testRegistration" data-provider="Registration" finished-at="2021-04-02T14:20:55 GMT-05:00" duration-ms="10109" status="PASS">
          <params>
            <param index="0">
              <value>
                <![CDATA[edit@mail.ru]]>
              </value>
            </param>
            <param index="1">
              <value>
                <![CDATA[p@ssword]]>
              </value>
            </param>
            <param index="2">
              <value>
                <![CDATA[1]]>
              </value>
            </param>
            <param index="3">
              <value>
                <![CDATA[Jun]]>
              </value>
            </param>
            <param index="4">
              <value>
                <![CDATA[1999]]>
              </value>
            </param>
            <param index="5">
              <value>
                <![CDATA[5667779999]]>
              </value>
            </param>
            <param index="6">
              <value>
                <![CDATA[Miami]]>
              </value>
            </param>
            <param index="7">
              <value>
                <![CDATA[Florida]]>
              </value>
            </param>
          </params>
          <reporter-output>
          </reporter-output>
        </test-method> <!-- testRegistration -->
        <test-method is-config="true" signature="afterActions()[pri:0, instance:com.romanceabroad.ui.MainPageTests@17c1bced]" started-at="2021-04-02T14:20:55 GMT-05:00" name="afterActions" finished-at="2021-04-02T14:20:55 GMT-05:00" duration-ms="0" status="PASS">
          <reporter-output>
          </reporter-output>
        </test-method> <!-- afterActions -->
        <test-method is-config="true" signature="setup(java.lang.String, java.lang.reflect.Method)[pri:0, instance:com.romanceabroad.ui.MainPageTests@17c1bced]" started-at="2021-04-02T14:20:55 GMT-05:00" name="setup" finished-at="2021-04-02T14:21:59 GMT-05:00" duration-ms="63805" status="PASS">
          <params>
            <param index="0">
              <value>
                <![CDATA[chrome]]>
              </value>
            </param>
            <param index="1">
              <value>
                <![CDATA[public void com.romanceabroad.ui.MainPageTests.testRegistration(java.lang.String,java.lang.String,java.lang.String,java.lang.String,java.lang.String,java.lang.String,java.lang.String,java.lang.String)]]>
              </value>
            </param>
          </params>
          <reporter-output>
          </reporter-output>
        </test-method> <!-- setup -->
        <test-method signature="testRegistration(java.lang.String, java.lang.String, java.lang.String, java.lang.String, java.lang.String, java.lang.String, java.lang.String, java.lang.String)[pri:0, instance:com.romanceabroad.ui.MainPageTests@17c1bced]" started-at="2021-04-02T14:21:59 GMT-05:00" name="testRegistration" data-provider="Registration" finished-at="2021-04-02T14:22:10 GMT-05:00" duration-ms="10794" status="PASS">
          <params>
            <param index="0">
              <value>
                <![CDATA[search@aol.com]]>
              </value>
            </param>
            <param index="1">
              <value>
                <![CDATA[p@ssw0rd]]>
              </value>
            </param>
            <param index="2">
              <value>
                <![CDATA[12]]>
              </value>
            </param>
            <param index="3">
              <value>
                <![CDATA[Jul]]>
              </value>
            </param>
            <param index="4">
              <value>
                <![CDATA[1975]]>
              </value>
            </param>
            <param index="5">
              <value>
                <![CDATA[8754531287]]>
              </value>
            </param>
            <param index="6">
              <value>
                <![CDATA[Miami]]>
              </value>
            </param>
            <param index="7">
              <value>
                <![CDATA[Florida]]>
              </value>
            </param>
          </params>
          <reporter-output>
          </reporter-output>
        </test-method> <!-- testRegistration -->
        <test-method is-config="true" signature="afterActions()[pri:0, instance:com.romanceabroad.ui.MainPageTests@17c1bced]" started-at="2021-04-02T14:22:10 GMT-05:00" name="afterActions" finished-at="2021-04-02T14:22:10 GMT-05:00" duration-ms="1" status="PASS">
          <reporter-output>
          </reporter-output>
        </test-method> <!-- afterActions -->
        <test-method is-config="true" signature="setup(java.lang.String, java.lang.reflect.Method)[pri:0, instance:com.romanceabroad.ui.MainPageTests@17c1bced]" started-at="2021-04-02T14:22:10 GMT-05:00" name="setup" finished-at="2021-04-02T14:23:18 GMT-05:00" duration-ms="68157" status="PASS">
          <params>
            <param index="0">
              <value>
                <![CDATA[chrome]]>
              </value>
            </param>
            <param index="1">
              <value>
                <![CDATA[public void com.romanceabroad.ui.MainPageTests.testRegistration2(java.lang.String,java.lang.String,boolean)]]>
              </value>
            </param>
          </params>
          <reporter-output>
          </reporter-output>
        </test-method> <!-- setup -->
        <test-method signature="testRegistration2(java.lang.String, java.lang.String, boolean)[pri:0, instance:com.romanceabroad.ui.MainPageTests@17c1bced]" started-at="2021-04-02T14:23:18 GMT-05:00" name="testRegistration2" data-provider="Registration2" finished-at="2021-04-02T14:23:28 GMT-05:00" duration-ms="10194" status="PASS">
          <params>
            <param index="0">
              <value>
                <![CDATA[AAA@gmail.com]]>
              </value>
            </param>
            <param index="1">
              <value>
                <![CDATA[James7]]>
              </value>
            </param>
            <param index="2">
              <value>
                <![CDATA[true]]>
              </value>
            </param>
          </params>
          <reporter-output>
          </reporter-output>
        </test-method> <!-- testRegistration2 -->
        <test-method is-config="true" signature="afterActions()[pri:0, instance:com.romanceabroad.ui.MainPageTests@17c1bced]" started-at="2021-04-02T14:23:28 GMT-05:00" name="afterActions" finished-at="2021-04-02T14:23:28 GMT-05:00" duration-ms="1" status="PASS">
          <reporter-output>
          </reporter-output>
        </test-method> <!-- afterActions -->
        <test-method is-config="true" signature="setup(java.lang.String, java.lang.reflect.Method)[pri:0, instance:com.romanceabroad.ui.MainPageTests@17c1bced]" started-at="2021-04-02T14:23:28 GMT-05:00" name="setup" finished-at="2021-04-02T14:24:23 GMT-05:00" duration-ms="54840" status="PASS">
          <params>
            <param index="0">
              <value>
                <![CDATA[chrome]]>
              </value>
            </param>
            <param index="1">
              <value>
                <![CDATA[public void com.romanceabroad.ui.MainPageTests.testSignIn(java.lang.String,java.lang.String)]]>
              </value>
            </param>
          </params>
          <reporter-output>
          </reporter-output>
        </test-method> <!-- setup -->
        <test-method signature="testSignIn(java.lang.String, java.lang.String)[pri:0, instance:com.romanceabroad.ui.MainPageTests@17c1bced]" started-at="2021-04-02T14:24:23 GMT-05:00" name="testSignIn" data-provider="Sign In" finished-at="2021-04-02T14:24:37 GMT-05:00" duration-ms="14202" status="PASS">
          <params>
            <param index="0">
              <value>
                <![CDATA[usergmail.com]]>
              </value>
            </param>
            <param index="1">
              <value>
                <![CDATA[AAAAAAAAAAA]]>
              </value>
            </param>
          </params>
          <reporter-output>
          </reporter-output>
        </test-method> <!-- testSignIn -->
        <test-method is-config="true" signature="afterActions()[pri:0, instance:com.romanceabroad.ui.MainPageTests@17c1bced]" started-at="2021-04-02T14:24:37 GMT-05:00" name="afterActions" finished-at="2021-04-02T14:24:37 GMT-05:00" duration-ms="0" status="PASS">
          <reporter-output>
          </reporter-output>
        </test-method> <!-- afterActions -->
      </class> <!-- com.romanceabroad.ui.MainPageTests -->
    </test> <!-- ChromeTestCases2 -->
  </suite> <!-- TestSuite -->
</testng-results>
