<?xml version="1.0" encoding="UTF-8"?>
<testsuite xmlns:xsi="http://www.w3.org/2001/XMLSchema-instance" xsi:noNamespaceSchemaLocation="https://maven.apache.org/surefire/maven-surefire-plugin/xsd/surefire-test-report-3.0.xsd" version="3.0" name="TestSuite" time="354.387" tests="20" errors="0" skipped="0" failures="0">
  <properties>
[...]
</properties>
  <testcase name="testRegistration[file@gmail.com, password, 10, May, 2010, 3479998888, Miami, Florida](1)" classname="com.romanceabroad.ui.MainPageTests" time="10.382">
    <system-out><![CDATA[Wait Join button
Wait email text field
Type email in text field: file@gmail.com
Wait password text field
Type password in text field: password
Wait Next button
Click Next button
Type nickname: James4374584575
Click list of days
Select specific day: 10
Collect elements in list
Start using loop with size of list
Create new webelement of list
Create new String with text from element of list
Value of list: 1
Create new webelement of list
Create new String with text from element of list
Value of list: 2
Create new webelement of list
Create new String with text from element of list
Value of list: 3
Create new webelement of list
Create new String with text from element of list
Value of list: 4
Create new webelement of list
Create new String with text from element of list
Value of list: 5
Create new webelement of list
Create new String with text from element of list
Value of list: 6
Create new webelement of list
Create new String with text from element of list
Value of list: 7
Create new webelement of list
Create new String with text from element of list
Value of list: 8
Create new webelement of list
Create new String with text from element of list
Value of list: 9
Create new webelement of list
Create new String with text from element of list
Value of list: 10
Wait element of list is clickable
Click element of list
Create new webelement of list
Create new String with text from element of list
Value of list: 
Create new webelement of list
Create new String with text from element of list
Value of list: 
Create new webelement of list
Create new String with text from element of list
Value of list: 
Create new webelement of list
Create new String with text from element of list
Value of list: 
Create new webelement of list
Create new String with text from element of list
Value of list: 
Create new webelement of list
Create new String with text from element of list
Value of list: 
Create new webelement of list
Create new String with text from element of list
Value of list: 
Create new webelement of list
Create new String with text from element of list
Value of list: 
Create new webelement of list
Create new String with text from element of list
Value of list: 
Create new webelement of list
Create new String with text from element of list
Value of list: 
Create new webelement of list
Create new String with text from element of list
Value of list: 
Create new webelement of list
Create new String with text from element of list
Value of list: 
Create new webelement of list
Create new String with text from element of list
Value of list: 
Create new webelement of list
Create new String with text from element of list
Value of list: 
Create new webelement of list
Create new String with text from element of list
Value of list: 
Create new webelement of list
Create new String with text from element of list
Value of list: 
Create new webelement of list
Create new String with text from element of list
Value of list: 
Create new webelement of list
Create new String with text from element of list
Value of list: 
Create new webelement of list
Create new String with text from element of list
Value of list: 
Create new webelement of list
Create new String with text from element of list
Value of list: 
Click list of month
Select specific month: May
Collect elements in list
Start using loop with size of list
Create new webelement of list
Create new String with text from element of list
Value of list: Jan
Create new webelement of list
Create new String with text from element of list
Value of list: Feb
Create new webelement of list
Create new String with text from element of list
Value of list: Mar
Create new webelement of list
Create new String with text from element of list
Value of list: Apr
Create new webelement of list
Create new String with text from element of list
Value of list: May
Wait element of list is clickable
Click element of list
Create new webelement of list
Create new String with text from element of list
Value of list: 
Create new webelement of list
Create new String with text from element of list
Value of list: 
Create new webelement of list
Create new String with text from element of list
Value of list: 
Create new webelement of list
Create new String with text from element of list
Value of list: 
Create new webelement of list
Create new String with text from element of list
Value of list: 
Create new webelement of list
Create new String with text from element of list
Value of list: 
Create new webelement of list
Create new String with text from element of list
Value of list: 
Click list of year
Select specific year: 2010
Collect elements in list
Start using loop with size of list
Create new webelement of list
Create new String with text from element of list
Value of list: 2003
Create new webelement of list
Create new String with text from element of list
Value of list: 2002
Create new webelement of list
Create new String with text from element of list
Value of list: 2001
Create new webelement of list
Create new String with text from element of list
Value of list: 2000
Create new webelement of list
Create new String with text from element of list
Value of list: 1999
Create new webelement of list
Create new String with text from element of list
Value of list: 1998
Create new webelement of list
Create new String with text from element of list
Value of list: 1997
Create new webelement of list
Create new String with text from element of list
Value of list: 1996
Create new webelement of list
Create new String with text from element of list
Value of list: 1995
Create new webelement of list
Create new String with text from element of list
Value of list: 1994
Create new webelement of list
Create new String with text from element of list
Value of list: 1993
Create new webelement of list
Create new String with text from element of list
Value of list: 1992
Create new webelement of list
Create new String with text from element of list
Value of list: 1991
Create new webelement of list
Create new String with text from element of list
Value of list: 1990
Create new webelement of list
Create new String with text from element of list
Value of list: 1989
Create new webelement of list
Create new String with text from element of list
Value of list: 1988
Create new webelement of list
Create new String with text from element of list
Value of list: 1987
Create new webelement of list
Create new String with text from element of list
Value of list: 1986
Create new webelement of list
Create new String with text from element of list
Value of list: 1985
Create new webelement of list
Create new String with text from element of list
Value of list: 1984
Create new webelement of list
Create new String with text from element of list
Value of list: 1983
Create new webelement of list
Create new String with text from element of list
Value of list: 1982
Create new webelement of list
Create new String with text from element of list
Value of list: 1981
Create new webelement of list
Create new String with text from element of list
Value of list: 1980
Create new webelement of list
Create new String with text from element of list
Value of list: 1979
Create new webelement of list
Create new String with text from element of list
Value of list: 1978
Create new webelement of list
Create new String with text from element of list
Value of list: 1977
Create new webelement of list
Create new String with text from element of list
Value of list: 1976
Create new webelement of list
Create new String with text from element of list
Value of list: 1975
Create new webelement of list
Create new String with text from element of list
Value of list: 1974
Create new webelement of list
Create new String with text from element of list
Value of list: 1973
Create new webelement of list
Create new String with text from element of list
Value of list: 1972
Create new webelement of list
Create new String with text from element of list
Value of list: 1971
Create new webelement of list
Create new String with text from element of list
Value of list: 1970
Create new webelement of list
Create new String with text from element of list
Value of list: 1969
Create new webelement of list
Create new String with text from element of list
Value of list: 1968
Create new webelement of list
Create new String with text from element of list
Value of list: 1967
Create new webelement of list
Create new String with text from element of list
Value of list: 1966
Create new webelement of list
Create new String with text from element of list
Value of list: 1965
Create new webelement of list
Create new String with text from element of list
Value of list: 1964
Create new webelement of list
Create new String with text from element of list
Value of list: 1963
Create new webelement of list
Create new String with text from element of list
Value of list: 1962
Create new webelement of list
Create new String with text from element of list
Value of list: 1961
Create new webelement of list
Create new String with text from element of list
Value of list: 1960
Create new webelement of list
Create new String with text from element of list
Value of list: 1959
Create new webelement of list
Create new String with text from element of list
Value of list: 1958
Create new webelement of list
Create new String with text from element of list
Value of list: 1957
Create new webelement of list
Create new String with text from element of list
Value of list: 1956
Create new webelement of list
Create new String with text from element of list
Value of list: 1955
Create new webelement of list
Create new String with text from element of list
Value of list: 1954
Create new webelement of list
Create new String with text from element of list
Value of list: 1953
Create new webelement of list
Create new String with text from element of list
Value of list: 1952
Create new webelement of list
Create new String with text from element of list
Value of list: 1951
Create new webelement of list
Create new String with text from element of list
Value of list: 1950
Create new webelement of list
Create new String with text from element of list
Value of list: 1949
Create new webelement of list
Create new String with text from element of list
Value of list: 1948
Create new webelement of list
Create new String with text from element of list
Value of list: 1947
Create new webelement of list
Create new String with text from element of list
Value of list: 1946
Create new webelement of list
Create new String with text from element of list
Value of list: 1945
Create new webelement of list
Create new String with text from element of list
Value of list: 1944
Create new webelement of list
Create new String with text from element of list
Value of list: 1943
Create new webelement of list
Create new String with text from element of list
Value of list: 1942
Create new webelement of list
Create new String with text from element of list
Value of list: 1941
Type phone number: 3479998888
Clean location autofilling form
Type location: Miami
: 3479998888
Collect elements in list
Start using loop with size of list
Create new webelement of list
Create new String with text from element of list
Value of list: Miami, Arizona, United States
Create new webelement of list
Create new String with text from element of list
Value of list: Miami, Florida, United States
Wait element of list is clickable
Click element of list
Create new webelement of list
Create new String with text from element of list
Value of list: Miami Beach, Florida, United States
Wait element of list is clickable
Click element of list
Create new webelement of list
Create new String with text from element of list
Value of list: 
Create new webelement of list
Create new String with text from element of list
Value of list: 
Create new webelement of list
Create new String with text from element of list
Value of list: 
Create new webelement of list
Create new String with text from element of list
Value of list: 
Create new webelement of list
Create new String with text from element of list
Value of list: 
Create new webelement of list
Create new String with text from element of list
Value of list: 
Create new webelement of list
Create new String with text from element of list
Value of list: 
Create new webelement of list
Create new String with text from element of list
Value of list: 
Click confirmation checkbox
]]></system-out>
    <system-err><![CDATA[Starting ChromeDriver 89.0.4389.23 (61b08ee2c50024bab004e48d2b1b083cdbdac579-refs/branch-heads/4389@{#294}) on port 38370
Only local connections are allowed.
Please see https://chromedriver.chromium.org/security-considerations for suggestions on keeping ChromeDriver safe.
ChromeDriver was started successfully.
Apr 07, 2021 1:50:03 PM org.openqa.selenium.remote.ProtocolHandshake createSession
INFO: Detected dialect: W3C
log4j:WARN No appenders could be found for logger (com.automation.remarks.video.recorder.monte.MonteRecorder).
log4j:WARN Please initialize the log4j system properly.
log4j:WARN See http://logging.apache.org/log4j/1.2/faq.html#noconfig for more info.
]]></system-err>
  </testcase>
  <testcase name="testRegistration[edit@mail.ru, p@ssword, 1, Jun, 1999, 5667779999, Miami, Florida](2)" classname="com.romanceabroad.ui.MainPageTests" time="5.709">
    <system-out><![CDATA[Wait Join button
Wait email text field
Type email in text field: edit@mail.ru
Wait password text field
Type password in text field: p@ssword
Wait Next button
Click Next button
Type nickname: James3143543158
Click list of days
Select specific day: 1
Collect elements in list
Start using loop with size of list
Create new webelement of list
Create new String with text from element of list
Value of list: 1
Wait element of list is clickable
Click element of list
Create new webelement of list
Create new String with text from element of list
Value of list: 
Create new webelement of list
Create new String with text from element of list
Value of list: 
Create new webelement of list
Create new String with text from element of list
Value of list: 
Create new webelement of list
Create new String with text from element of list
Value of list: 
Create new webelement of list
Create new String with text from element of list
Value of list: 
Create new webelement of list
Create new String with text from element of list
Value of list: 
Create new webelement of list
Create new String with text from element of list
Value of list: 
Create new webelement of list
Create new String with text from element of list
Value of list: 
Create new webelement of list
Create new String with text from element of list
Value of list: 
Create new webelement of list
Create new String with text from element of list
Value of list: 
Create new webelement of list
Create new String with text from element of list
Value of list: 
Create new webelement of list
Create new String with text from element of list
Value of list: 
Create new webelement of list
Create new String with text from element of list
Value of list: 
Create new webelement of list
Create new String with text from element of list
Value of list: 
Create new webelement of list
Create new String with text from element of list
Value of list: 
Create new webelement of list
Create new String with text from element of list
Value of list: 
Create new webelement of list
Create new String with text from element of list
Value of list: 
Create new webelement of list
Create new String with text from element of list
Value of list: 
Create new webelement of list
Create new String with text from element of list
Value of list: 
Create new webelement of list
Create new String with text from element of list
Value of list: 
Create new webelement of list
Create new String with text from element of list
Value of list: 
Create new webelement of list
Create new String with text from element of list
Value of list: 
Create new webelement of list
Create new String with text from element of list
Value of list: 
Create new webelement of list
Create new String with text from element of list
Value of list: 
Create new webelement of list
Create new String with text from element of list
Value of list: 
Create new webelement of list
Create new String with text from element of list
Value of list: 
Create new webelement of list
Create new String with text from element of list
Value of list: 
Create new webelement of list
Create new String with text from element of list
Value of list: 
Create new webelement of list
Create new String with text from element of list
Value of list: 
Click list of month
Select specific month: Jun
Collect elements in list
Start using loop with size of list
Create new webelement of list
Create new String with text from element of list
Value of list: Jan
Create new webelement of list
Create new String with text from element of list
Value of list: Feb
Create new webelement of list
Create new String with text from element of list
Value of list: Mar
Create new webelement of list
Create new String with text from element of list
Value of list: Apr
Create new webelement of list
Create new String with text from element of list
Value of list: May
Create new webelement of list
Create new String with text from element of list
Value of list: Jun
Wait element of list is clickable
Click element of list
Create new webelement of list
Create new String with text from element of list
Value of list: 
Create new webelement of list
Create new String with text from element of list
Value of list: 
Create new webelement of list
Create new String with text from element of list
Value of list: 
Create new webelement of list
Create new String with text from element of list
Value of list: 
Create new webelement of list
Create new String with text from element of list
Value of list: 
Create new webelement of list
Create new String with text from element of list
Value of list: 
Click list of year
Select specific year: 1999
Collect elements in list
Start using loop with size of list
Create new webelement of list
Create new String with text from element of list
Value of list: 2003
Create new webelement of list
Create new String with text from element of list
Value of list: 2002
Create new webelement of list
Create new String with text from element of list
Value of list: 2001
Create new webelement of list
Create new String with text from element of list
Value of list: 2000
Create new webelement of list
Create new String with text from element of list
Value of list: 1999
Wait element of list is clickable
Click element of list
Create new webelement of list
Create new String with text from element of list
Value of list: 
Create new webelement of list
Create new String with text from element of list
Value of list: 
Create new webelement of list
Create new String with text from element of list
Value of list: 
Create new webelement of list
Create new String with text from element of list
Value of list: 
Create new webelement of list
Create new String with text from element of list
Value of list: 
Create new webelement of list
Create new String with text from element of list
Value of list: 
Create new webelement of list
Create new String with text from element of list
Value of list: 
Create new webelement of list
Create new String with text from element of list
Value of list: 
Create new webelement of list
Create new String with text from element of list
Value of list: 
Create new webelement of list
Create new String with text from element of list
Value of list: 
Create new webelement of list
Create new String with text from element of list
Value of list: 
Create new webelement of list
Create new String with text from element of list
Value of list: 
Create new webelement of list
Create new String with text from element of list
Value of list: 
Create new webelement of list
Create new String with text from element of list
Value of list: 
Create new webelement of list
Create new String with text from element of list
Value of list: 
Create new webelement of list
Create new String with text from element of list
Value of list: 
Create new webelement of list
Create new String with text from element of list
Value of list: 
Create new webelement of list
Create new String with text from element of list
Value of list: 
Create new webelement of list
Create new String with text from element of list
Value of list: 
Create new webelement of list
Create new String with text from element of list
Value of list: 
Create new webelement of list
Create new String with text from element of list
Value of list: 
Create new webelement of list
Create new String with text from element of list
Value of list: 
Create new webelement of list
Create new String with text from element of list
Value of list: 
Create new webelement of list
Create new String with text from element of list
Value of list: 
Create new webelement of list
Create new String with text from element of list
Value of list: 
Create new webelement of list
Create new String with text from element of list
Value of list: 
Create new webelement of list
Create new String with text from element of list
Value of list: 
Create new webelement of list
Create new String with text from element of list
Value of list: 
Create new webelement of list
Create new String with text from element of list
Value of list: 
Create new webelement of list
Create new String with text from element of list
Value of list: 
Create new webelement of list
Create new String with text from element of list
Value of list: 
Create new webelement of list
Create new String with text from element of list
Value of list: 
Create new webelement of list
Create new String with text from element of list
Value of list: 
Create new webelement of list
Create new String with text from element of list
Value of list: 
Create new webelement of list
Create new String with text from element of list
Value of list: 
Create new webelement of list
Create new String with text from element of list
Value of list: 
Create new webelement of list
Create new String with text from element of list
Value of list: 
Create new webelement of list
Create new String with text from element of list
Value of list: 
Create new webelement of list
Create new String with text from element of list
Value of list: 
Create new webelement of list
Create new String with text from element of list
Value of list: 
Create new webelement of list
Create new String with text from element of list
Value of list: 
Create new webelement of list
Create new String with text from element of list
Value of list: 
Create new webelement of list
Create new String with text from element of list
Value of list: 
Create new webelement of list
Create new String with text from element of list
Value of list: 
Create new webelement of list
Create new String with text from element of list
Value of list: 
Create new webelement of list
Create new String with text from element of list
Value of list: 
Create new webelement of list
Create new String with text from element of list
Value of list: 
Create new webelement of list
Create new String with text from element of list
Value of list: 
Create new webelement of list
Create new String with text from element of list
Value of list: 
Create new webelement of list
Create new String with text from element of list
Value of list: 
Create new webelement of list
Create new String with text from element of list
Value of list: 
Create new webelement of list
Create new String with text from element of list
Value of list: 
Create new webelement of list
Create new String with text from element of list
Value of list: 
Create new webelement of list
Create new String with text from element of list
Value of list: 
Create new webelement of list
Create new String with text from element of list
Value of list: 
Create new webelement of list
Create new String with text from element of list
Value of list: 
Create new webelement of list
Create new String with text from element of list
Value of list: 
Create new webelement of list
Create new String with text from element of list
Value of list: 
Type phone number: 5667779999
Clean location autofilling form
Type location: Miami
: 5667779999
Collect elements in list
Start using loop with size of list
Create new webelement of list
Create new String with text from element of list
Value of list: Miami, Arizona, United States
Create new webelement of list
Create new String with text from element of list
Value of list: Miami, Florida, United States
Wait element of list is clickable
Click element of list
Create new webelement of list
Create new String with text from element of list
Value of list: Miami Beach, Florida, United States
Wait element of list is clickable
Click element of list
Create new webelement of list
Create new String with text from element of list
Value of list: 
Create new webelement of list
Create new String with text from element of list
Value of list: 
Create new webelement of list
Create new String with text from element of list
Value of list: 
Create new webelement of list
Create new String with text from element of list
Value of list: 
Create new webelement of list
Create new String with text from element of list
Value of list: 
Create new webelement of list
Create new String with text from element of list
Value of list: 
Create new webelement of list
Create new String with text from element of list
Value of list: 
Create new webelement of list
Create new String with text from element of list
Value of list: 
Click confirmation checkbox
]]></system-out>
    <system-err><![CDATA[Starting ChromeDriver 89.0.4389.23 (61b08ee2c50024bab004e48d2b1b083cdbdac579-refs/branch-heads/4389@{#294}) on port 6403
Only local connections are allowed.
Please see https://chromedriver.chromium.org/security-considerations for suggestions on keeping ChromeDriver safe.
ChromeDriver was started successfully.
Apr 07, 2021 1:50:25 PM org.openqa.selenium.remote.ProtocolHandshake createSession
INFO: Detected dialect: W3C
]]></system-err>
  </testcase>
  <testcase name="testRegistration[search@aol.com, p@ssw0rd, 12, Jul, 1975, 8754531287, Miami, Florida](3)" classname="com.romanceabroad.ui.MainPageTests" time="6.164">
    <system-out><![CDATA[Wait Join button
Wait email text field
Type email in text field: search@aol.com
Wait password text field
Type password in text field: p@ssw0rd
Wait Next button
Click Next button
Type nickname: James8417541441
Click list of days
Select specific day: 12
Collect elements in list
Start using loop with size of list
Create new webelement of list
Create new String with text from element of list
Value of list: 1
Create new webelement of list
Create new String with text from element of list
Value of list: 2
Create new webelement of list
Create new String with text from element of list
Value of list: 3
Create new webelement of list
Create new String with text from element of list
Value of list: 4
Create new webelement of list
Create new String with text from element of list
Value of list: 5
Create new webelement of list
Create new String with text from element of list
Value of list: 6
Create new webelement of list
Create new String with text from element of list
Value of list: 7
Create new webelement of list
Create new String with text from element of list
Value of list: 8
Create new webelement of list
Create new String with text from element of list
Value of list: 9
Create new webelement of list
Create new String with text from element of list
Value of list: 10
Create new webelement of list
Create new String with text from element of list
Value of list: 11
Create new webelement of list
Create new String with text from element of list
Value of list: 12
Wait element of list is clickable
Click element of list
Create new webelement of list
Create new String with text from element of list
Value of list: 
Create new webelement of list
Create new String with text from element of list
Value of list: 
Create new webelement of list
Create new String with text from element of list
Value of list: 
Create new webelement of list
Create new String with text from element of list
Value of list: 
Create new webelement of list
Create new String with text from element of list
Value of list: 
Create new webelement of list
Create new String with text from element of list
Value of list: 
Create new webelement of list
Create new String with text from element of list
Value of list: 
Create new webelement of list
Create new String with text from element of list
Value of list: 
Create new webelement of list
Create new String with text from element of list
Value of list: 
Create new webelement of list
Create new String with text from element of list
Value of list: 
Create new webelement of list
Create new String with text from element of list
Value of list: 
Create new webelement of list
Create new String with text from element of list
Value of list: 
Create new webelement of list
Create new String with text from element of list
Value of list: 
Create new webelement of list
Create new String with text from element of list
Value of list: 
Create new webelement of list
Create new String with text from element of list
Value of list: 
Create new webelement of list
Create new String with text from element of list
Value of list: 
Create new webelement of list
Create new String with text from element of list
Value of list: 
Create new webelement of list
Create new String with text from element of list
Value of list: 
Click list of month
Select specific month: Jul
Collect elements in list
Start using loop with size of list
Create new webelement of list
Create new String with text from element of list
Value of list: Jan
Create new webelement of list
Create new String with text from element of list
Value of list: Feb
Create new webelement of list
Create new String with text from element of list
Value of list: Mar
Create new webelement of list
Create new String with text from element of list
Value of list: Apr
Create new webelement of list
Create new String with text from element of list
Value of list: May
Create new webelement of list
Create new String with text from element of list
Value of list: Jun
Create new webelement of list
Create new String with text from element of list
Value of list: Jul
Wait element of list is clickable
Click element of list
Create new webelement of list
Create new String with text from element of list
Value of list: 
Create new webelement of list
Create new String with text from element of list
Value of list: 
Create new webelement of list
Create new String with text from element of list
Value of list: 
Create new webelement of list
Create new String with text from element of list
Value of list: 
Create new webelement of list
Create new String with text from element of list
Value of list: 
Click list of year
Select specific year: 1975
Collect elements in list
Start using loop with size of list
Create new webelement of list
Create new String with text from element of list
Value of list: 2003
Create new webelement of list
Create new String with text from element of list
Value of list: 2002
Create new webelement of list
Create new String with text from element of list
Value of list: 2001
Create new webelement of list
Create new String with text from element of list
Value of list: 2000
Create new webelement of list
Create new String with text from element of list
Value of list: 1999
Create new webelement of list
Create new String with text from element of list
Value of list: 1998
Create new webelement of list
Create new String with text from element of list
Value of list: 1997
Create new webelement of list
Create new String with text from element of list
Value of list: 1996
Create new webelement of list
Create new String with text from element of list
Value of list: 1995
Create new webelement of list
Create new String with text from element of list
Value of list: 1994
Create new webelement of list
Create new String with text from element of list
Value of list: 1993
Create new webelement of list
Create new String with text from element of list
Value of list: 1992
Create new webelement of list
Create new String with text from element of list
Value of list: 1991
Create new webelement of list
Create new String with text from element of list
Value of list: 1990
Create new webelement of list
Create new String with text from element of list
Value of list: 1989
Create new webelement of list
Create new String with text from element of list
Value of list: 1988
Create new webelement of list
Create new String with text from element of list
Value of list: 1987
Create new webelement of list
Create new String with text from element of list
Value of list: 1986
Create new webelement of list
Create new String with text from element of list
Value of list: 1985
Create new webelement of list
Create new String with text from element of list
Value of list: 1984
Create new webelement of list
Create new String with text from element of list
Value of list: 1983
Create new webelement of list
Create new String with text from element of list
Value of list: 1982
Create new webelement of list
Create new String with text from element of list
Value of list: 1981
Create new webelement of list
Create new String with text from element of list
Value of list: 1980
Create new webelement of list
Create new String with text from element of list
Value of list: 1979
Create new webelement of list
Create new String with text from element of list
Value of list: 1978
Create new webelement of list
Create new String with text from element of list
Value of list: 1977
Create new webelement of list
Create new String with text from element of list
Value of list: 1976
Create new webelement of list
Create new String with text from element of list
Value of list: 1975
Wait element of list is clickable
Click element of list
Create new webelement of list
Create new String with text from element of list
Value of list: 
Create new webelement of list
Create new String with text from element of list
Value of list: 
Create new webelement of list
Create new String with text from element of list
Value of list: 
Create new webelement of list
Create new String with text from element of list
Value of list: 
Create new webelement of list
Create new String with text from element of list
Value of list: 
Create new webelement of list
Create new String with text from element of list
Value of list: 
Create new webelement of list
Create new String with text from element of list
Value of list: 
Create new webelement of list
Create new String with text from element of list
Value of list: 
Create new webelement of list
Create new String with text from element of list
Value of list: 
Create new webelement of list
Create new String with text from element of list
Value of list: 
Create new webelement of list
Create new String with text from element of list
Value of list: 
Create new webelement of list
Create new String with text from element of list
Value of list: 
Create new webelement of list
Create new String with text from element of list
Value of list: 
Create new webelement of list
Create new String with text from element of list
Value of list: 
Create new webelement of list
Create new String with text from element of list
Value of list: 
Create new webelement of list
Create new String with text from element of list
Value of list: 
Create new webelement of list
Create new String with text from element of list
Value of list: 
Create new webelement of list
Create new String with text from element of list
Value of list: 
Create new webelement of list
Create new String with text from element of list
Value of list: 
Create new webelement of list
Create new String with text from element of list
Value of list: 
Create new webelement of list
Create new String with text from element of list
Value of list: 
Create new webelement of list
Create new String with text from element of list
Value of list: 
Create new webelement of list
Create new String with text from element of list
Value of list: 
Create new webelement of list
Create new String with text from element of list
Value of list: 
Create new webelement of list
Create new String with text from element of list
Value of list: 
Create new webelement of list
Create new String with text from element of list
Value of list: 
Create new webelement of list
Create new String with text from element of list
Value of list: 
Create new webelement of list
Create new String with text from element of list
Value of list: 
Create new webelement of list
Create new String with text from element of list
Value of list: 
Create new webelement of list
Create new String with text from element of list
Value of list: 
Create new webelement of list
Create new String with text from element of list
Value of list: 
Create new webelement of list
Create new String with text from element of list
Value of list: 
Create new webelement of list
Create new String with text from element of list
Value of list: 
Create new webelement of list
Create new String with text from element of list
Value of list: 
Type phone number: 8754531287
Clean location autofilling form
Type location: Miami
: 8754531287
Collect elements in list
Start using loop with size of list
Create new webelement of list
Create new String with text from element of list
Value of list: Miami, Arizona, United States
Create new webelement of list
Create new String with text from element of list
Value of list: Miami, Florida, United States
Wait element of list is clickable
Click element of list
Create new webelement of list
Create new String with text from element of list
Value of list: Miami Beach, Florida, United States
Wait element of list is clickable
Click element of list
Create new webelement of list
Create new String with text from element of list
Value of list: 
Create new webelement of list
Create new String with text from element of list
Value of list: 
Create new webelement of list
Create new String with text from element of list
Value of list: 
Create new webelement of list
Create new String with text from element of list
Value of list: 
Create new webelement of list
Create new String with text from element of list
Value of list: 
Create new webelement of list
Create new String with text from element of list
Value of list: 
Create new webelement of list
Create new String with text from element of list
Value of list: 
Create new webelement of list
Create new String with text from element of list
Value of list: 
Click confirmation checkbox
]]></system-out>
    <system-err><![CDATA[Starting ChromeDriver 89.0.4389.23 (61b08ee2c50024bab004e48d2b1b083cdbdac579-refs/branch-heads/4389@{#294}) on port 10253
Only local connections are allowed.
Please see https://chromedriver.chromium.org/security-considerations for suggestions on keeping ChromeDriver safe.
ChromeDriver was started successfully.
Apr 07, 2021 1:50:41 PM org.openqa.selenium.remote.ProtocolHandshake createSession
INFO: Detected dialect: W3C
]]></system-err>
  </testcase>
  <testcase name="testRegistration2[AAA@gmail.com, James3, true](1)" classname="com.romanceabroad.ui.MainPageTests" time="6.187">
    <system-out><![CDATA[AAA@gmail.com
Wait Join button
Wait email text field
Type email in text field: AAA@gmail.com
Wait password text field
Type password in text field: AAAAAAAAAAA
Wait Next button
Click Next button
Type nickname: James3
Click list of days
Select specific day: 10
Collect elements in list
Start using loop with size of list
Create new webelement of list
Create new String with text from element of list
Value of list: 1
Create new webelement of list
Create new String with text from element of list
Value of list: 2
Create new webelement of list
Create new String with text from element of list
Value of list: 3
Create new webelement of list
Create new String with text from element of list
Value of list: 4
Create new webelement of list
Create new String with text from element of list
Value of list: 5
Create new webelement of list
Create new String with text from element of list
Value of list: 6
Create new webelement of list
Create new String with text from element of list
Value of list: 7
Create new webelement of list
Create new String with text from element of list
Value of list: 8
Create new webelement of list
Create new String with text from element of list
Value of list: 9
Create new webelement of list
Create new String with text from element of list
Value of list: 10
Wait element of list is clickable
Click element of list
Create new webelement of list
Create new String with text from element of list
Value of list: 
Create new webelement of list
Create new String with text from element of list
Value of list: 
Create new webelement of list
Create new String with text from element of list
Value of list: 
Create new webelement of list
Create new String with text from element of list
Value of list: 
Create new webelement of list
Create new String with text from element of list
Value of list: 
Create new webelement of list
Create new String with text from element of list
Value of list: 
Create new webelement of list
Create new String with text from element of list
Value of list: 
Create new webelement of list
Create new String with text from element of list
Value of list: 
Create new webelement of list
Create new String with text from element of list
Value of list: 
Create new webelement of list
Create new String with text from element of list
Value of list: 
Create new webelement of list
Create new String with text from element of list
Value of list: 
Create new webelement of list
Create new String with text from element of list
Value of list: 
Create new webelement of list
Create new String with text from element of list
Value of list: 
Create new webelement of list
Create new String with text from element of list
Value of list: 
Create new webelement of list
Create new String with text from element of list
Value of list: 
Create new webelement of list
Create new String with text from element of list
Value of list: 
Create new webelement of list
Create new String with text from element of list
Value of list: 
Create new webelement of list
Create new String with text from element of list
Value of list: 
Create new webelement of list
Create new String with text from element of list
Value of list: 
Create new webelement of list
Create new String with text from element of list
Value of list: 
Click list of month
Select specific month: Jun
Collect elements in list
Start using loop with size of list
Create new webelement of list
Create new String with text from element of list
Value of list: Jan
Create new webelement of list
Create new String with text from element of list
Value of list: Feb
Create new webelement of list
Create new String with text from element of list
Value of list: Mar
Create new webelement of list
Create new String with text from element of list
Value of list: Apr
Create new webelement of list
Create new String with text from element of list
Value of list: May
Create new webelement of list
Create new String with text from element of list
Value of list: Jun
Wait element of list is clickable
Click element of list
Create new webelement of list
Create new String with text from element of list
Value of list: 
Create new webelement of list
Create new String with text from element of list
Value of list: 
Create new webelement of list
Create new String with text from element of list
Value of list: 
Create new webelement of list
Create new String with text from element of list
Value of list: 
Create new webelement of list
Create new String with text from element of list
Value of list: 
Create new webelement of list
Create new String with text from element of list
Value of list: 
Click list of year
Select specific year: 1990
Collect elements in list
Start using loop with size of list
Create new webelement of list
Create new String with text from element of list
Value of list: 2003
Create new webelement of list
Create new String with text from element of list
Value of list: 2002
Create new webelement of list
Create new String with text from element of list
Value of list: 2001
Create new webelement of list
Create new String with text from element of list
Value of list: 2000
Create new webelement of list
Create new String with text from element of list
Value of list: 1999
Create new webelement of list
Create new String with text from element of list
Value of list: 1998
Create new webelement of list
Create new String with text from element of list
Value of list: 1997
Create new webelement of list
Create new String with text from element of list
Value of list: 1996
Create new webelement of list
Create new String with text from element of list
Value of list: 1995
Create new webelement of list
Create new String with text from element of list
Value of list: 1994
Create new webelement of list
Create new String with text from element of list
Value of list: 1993
Create new webelement of list
Create new String with text from element of list
Value of list: 1992
Create new webelement of list
Create new String with text from element of list
Value of list: 1991
Create new webelement of list
Create new String with text from element of list
Value of list: 1990
Wait element of list is clickable
Click element of list
Create new webelement of list
Create new String with text from element of list
Value of list: 
Create new webelement of list
Create new String with text from element of list
Value of list: 
Create new webelement of list
Create new String with text from element of list
Value of list: 
Create new webelement of list
Create new String with text from element of list
Value of list: 
Create new webelement of list
Create new String with text from element of list
Value of list: 
Create new webelement of list
Create new String with text from element of list
Value of list: 
Create new webelement of list
Create new String with text from element of list
Value of list: 
Create new webelement of list
Create new String with text from element of list
Value of list: 
Create new webelement of list
Create new String with text from element of list
Value of list: 
Create new webelement of list
Create new String with text from element of list
Value of list: 
Create new webelement of list
Create new String with text from element of list
Value of list: 
Create new webelement of list
Create new String with text from element of list
Value of list: 
Create new webelement of list
Create new String with text from element of list
Value of list: 
Create new webelement of list
Create new String with text from element of list
Value of list: 
Create new webelement of list
Create new String with text from element of list
Value of list: 
Create new webelement of list
Create new String with text from element of list
Value of list: 
Create new webelement of list
Create new String with text from element of list
Value of list: 
Create new webelement of list
Create new String with text from element of list
Value of list: 
Create new webelement of list
Create new String with text from element of list
Value of list: 
Create new webelement of list
Create new String with text from element of list
Value of list: 
Create new webelement of list
Create new String with text from element of list
Value of list: 
Create new webelement of list
Create new String with text from element of list
Value of list: 
Create new webelement of list
Create new String with text from element of list
Value of list: 
Create new webelement of list
Create new String with text from element of list
Value of list: 
Create new webelement of list
Create new String with text from element of list
Value of list: 
Create new webelement of list
Create new String with text from element of list
Value of list: 
Create new webelement of list
Create new String with text from element of list
Value of list: 
Create new webelement of list
Create new String with text from element of list
Value of list: 
Create new webelement of list
Create new String with text from element of list
Value of list: 
Create new webelement of list
Create new String with text from element of list
Value of list: 
Create new webelement of list
Create new String with text from element of list
Value of list: 
Create new webelement of list
Create new String with text from element of list
Value of list: 
Create new webelement of list
Create new String with text from element of list
Value of list: 
Create new webelement of list
Create new String with text from element of list
Value of list: 
Create new webelement of list
Create new String with text from element of list
Value of list: 
Create new webelement of list
Create new String with text from element of list
Value of list: 
Create new webelement of list
Create new String with text from element of list
Value of list: 
Create new webelement of list
Create new String with text from element of list
Value of list: 
Create new webelement of list
Create new String with text from element of list
Value of list: 
Create new webelement of list
Create new String with text from element of list
Value of list: 
Create new webelement of list
Create new String with text from element of list
Value of list: 
Create new webelement of list
Create new String with text from element of list
Value of list: 
Create new webelement of list
Create new String with text from element of list
Value of list: 
Create new webelement of list
Create new String with text from element of list
Value of list: 
Create new webelement of list
Create new String with text from element of list
Value of list: 
Create new webelement of list
Create new String with text from element of list
Value of list: 
Create new webelement of list
Create new String with text from element of list
Value of list: 
Create new webelement of list
Create new String with text from element of list
Value of list: 
Create new webelement of list
Create new String with text from element of list
Value of list: 
Type phone number: 23495732475273
Clean location autofilling form
Type location: San Diego
: 23495732475273
Collect elements in list
Start using loop with size of list
Create new webelement of list
Create new String with text from element of list
Value of list: Rancho San Diego, California, United States
Wait element of list is clickable
Click element of list
Create new webelement of list
Create new String with text from element of list
Value of list: San Diego, California, United States
Wait element of list is clickable
Click element of list
Create new webelement of list
Create new String with text from element of list
Value of list: 
Create new webelement of list
Create new String with text from element of list
Value of list: 
Create new webelement of list
Create new String with text from element of list
Value of list: 
Click confirmation checkbox
]]></system-out>
    <system-err><![CDATA[Starting ChromeDriver 89.0.4389.23 (61b08ee2c50024bab004e48d2b1b083cdbdac579-refs/branch-heads/4389@{#294}) on port 29461
Only local connections are allowed.
Please see https://chromedriver.chromium.org/security-considerations for suggestions on keeping ChromeDriver safe.
ChromeDriver was started successfully.
Apr 07, 2021 1:50:57 PM org.openqa.selenium.remote.ProtocolHandshake createSession
INFO: Detected dialect: W3C
]]></system-err>
  </testcase>
  <testcase name="testSignIn[user@gmail.com, AAAAAAAAAAA, false](1)" classname="com.romanceabroad.ui.MainPageTests" time="5.836">
    <system-err><![CDATA[Starting ChromeDriver 89.0.4389.23 (61b08ee2c50024bab004e48d2b1b083cdbdac579-refs/branch-heads/4389@{#294}) on port 37008
Only local connections are allowed.
Please see https://chromedriver.chromium.org/security-considerations for suggestions on keeping ChromeDriver safe.
ChromeDriver was started successfully.
Apr 07, 2021 1:51:14 PM org.openqa.selenium.remote.ProtocolHandshake createSession
INFO: Detected dialect: W3C
]]></system-err>
  </testcase>
  <testcase name="profilePageTest" classname="com.romanceabroad.ui.ProfileTest" time="18.453">
    <system-out><![CDATA[Last seen04 August 2018, 05:09
41years old
 Sumy, Ukraine
---------------------
Ukraine
----------------
Last seen04 August 2018, 05:09
41years old
 Sumy, Ukraine
---------------------
Ukraine
----------------
]]></system-out>
    <system-err><![CDATA[Starting ChromeDriver 89.0.4389.23 (61b08ee2c50024bab004e48d2b1b083cdbdac579-refs/branch-heads/4389@{#294}) on port 4647
Only local connections are allowed.
Please see https://chromedriver.chromium.org/security-considerations for suggestions on keeping ChromeDriver safe.
ChromeDriver was started successfully.
Apr 07, 2021 1:51:30 PM org.openqa.selenium.remote.ProtocolHandshake createSession
INFO: Detected dialect: W3C
]]></system-err>
  </testcase>
  <testcase name="prettyWomenPageTestCase1" classname="com.romanceabroad.ui.PrettyWomenTests" time="7.147">
    <system-out><![CDATA[https://romanceabroad.com/users/search
]]></system-out>
    <system-err><![CDATA[Starting ChromeDriver 89.0.4389.23 (61b08ee2c50024bab004e48d2b1b083cdbdac579-refs/branch-heads/4389@{#294}) on port 13303
Only local connections are allowed.
Please see https://chromedriver.chromium.org/security-considerations for suggestions on keeping ChromeDriver safe.
ChromeDriver was started successfully.
Apr 07, 2021 1:51:58 PM org.openqa.selenium.remote.ProtocolHandshake createSession
INFO: Detected dialect: W3C
]]></system-err>
  </testcase>
  <testcase name="prettyWomenWebPageCase2" classname="com.romanceabroad.ui.PrettyWomenTests" time="6.42">
    <system-out><![CDATA[https://romanceabroad.com/users/search
]]></system-out>
    <system-err><![CDATA[Starting ChromeDriver 89.0.4389.23 (61b08ee2c50024bab004e48d2b1b083cdbdac579-refs/branch-heads/4389@{#294}) on port 39606
Only local connections are allowed.
Please see https://chromedriver.chromium.org/security-considerations for suggestions on keeping ChromeDriver safe.
ChromeDriver was started successfully.
Apr 07, 2021 1:52:12 PM org.openqa.selenium.remote.ProtocolHandshake createSession
INFO: Detected dialect: W3C
]]></system-err>
  </testcase>
  <testcase name="searchDifferentResults4[18, 80, Default](1)" classname="com.romanceabroad.ui.PrettyWomenTests" time="7.318">
    <system-out><![CDATA[18
80
This age: 36 is correct
This age: 43 is correct
This age: 26 is correct
This age: 46 is correct
This age: 39 is correct
This age: 30 is correct
This age: 28 is correct
This age: 40 is correct
This age: 44 is correct
This age: 25 is correct
This age: 46 is correct
This age: 45 is correct
]]></system-out>
    <system-err><![CDATA[Starting ChromeDriver 89.0.4389.23 (61b08ee2c50024bab004e48d2b1b083cdbdac579-refs/branch-heads/4389@{#294}) on port 31844
Only local connections are allowed.
Please see https://chromedriver.chromium.org/security-considerations for suggestions on keeping ChromeDriver safe.
ChromeDriver was started successfully.
Apr 07, 2021 1:52:25 PM org.openqa.selenium.remote.ProtocolHandshake createSession
INFO: Detected dialect: W3C
]]></system-err>
  </testcase>
  <testcase name="searchDifferentResults4[18, 19, Name](2)" classname="com.romanceabroad.ui.PrettyWomenTests" time="6.912">
    <system-out><![CDATA[18
19
This age: 36 is correct
This age: 43 is correct
This age: 26 is correct
This age: 46 is correct
This age: 39 is correct
This age: 30 is correct
This age: 28 is correct
This age: 40 is correct
This age: 44 is correct
This age: 25 is correct
This age: 46 is correct
This age: 45 is correct
]]></system-out>
    <system-err><![CDATA[Starting ChromeDriver 89.0.4389.23 (61b08ee2c50024bab004e48d2b1b083cdbdac579-refs/branch-heads/4389@{#294}) on port 45110
Only local connections are allowed.
Please see https://chromedriver.chromium.org/security-considerations for suggestions on keeping ChromeDriver safe.
ChromeDriver was started successfully.
Apr 07, 2021 1:52:39 PM org.openqa.selenium.remote.ProtocolHandshake createSession
INFO: Detected dialect: W3C
]]></system-err>
  </testcase>
  <testcase name="searchDifferentResults4[38, 40, Views](3)" classname="com.romanceabroad.ui.PrettyWomenTests" time="7.017">
    <system-out><![CDATA[38
40
This age: 36 is correct
This age: 43 is correct
This age: 26 is correct
This age: 46 is correct
This age: 39 is correct
This age: 30 is correct
This age: 28 is correct
This age: 40 is correct
This age: 44 is correct
This age: 25 is correct
This age: 46 is correct
This age: 45 is correct
]]></system-out>
    <system-err><![CDATA[Starting ChromeDriver 89.0.4389.23 (61b08ee2c50024bab004e48d2b1b083cdbdac579-refs/branch-heads/4389@{#294}) on port 14685
Only local connections are allowed.
Please see https://chromedriver.chromium.org/security-considerations for suggestions on keeping ChromeDriver safe.
ChromeDriver was started successfully.
Apr 07, 2021 1:52:53 PM org.openqa.selenium.remote.ProtocolHandshake createSession
INFO: Detected dialect: W3C
]]></system-err>
  </testcase>
  <testcase name="searchDifferentResults4[60, 80, Registration date](4)" classname="com.romanceabroad.ui.PrettyWomenTests" time="7.692">
    <system-out><![CDATA[60
80
This age: 36 is correct
This age: 43 is correct
This age: 26 is correct
This age: 46 is correct
This age: 39 is correct
This age: 30 is correct
This age: 28 is correct
This age: 40 is correct
This age: 44 is correct
This age: 25 is correct
This age: 46 is correct
This age: 45 is correct
]]></system-out>
    <system-err><![CDATA[Starting ChromeDriver 89.0.4389.23 (61b08ee2c50024bab004e48d2b1b083cdbdac579-refs/branch-heads/4389@{#294}) on port 14260
Only local connections are allowed.
Please see https://chromedriver.chromium.org/security-considerations for suggestions on keeping ChromeDriver safe.
ChromeDriver was started successfully.
Apr 07, 2021 1:53:06 PM org.openqa.selenium.remote.ProtocolHandshake createSession
INFO: Detected dialect: W3C
]]></system-err>
  </testcase>
  <testcase name="testGalleriesTabs" classname="com.romanceabroad.ui.PhotosTests" time="18.364">
    <system-out><![CDATA[All
Photo
Video
Albums
Add photo
Add photo
  Please select...
   Portrait(9)
   Animals(0)
   Travel(0)
     Sort by                              
Date
                            Views count
                            Comments count
                     On our website you have access to photos of all different kinds of women. As mentioned previously on our site, many Ukrainian women believe strongly in the idea of love at first sight, so they will not accuse you of anything negative for choosing them based on a picture. In Eastern Europe, it is not as accepted to dress down as casually as it is for American women. They take their appearance as how they are presenting themselves to the world and Ukraine women photos do a great job of capturing their beauty and even their personal characteristics for many.
You will notice many gorgeous Ukraine women pictures on our website. But do not think that just because these women are beautiful that they are shallow or arrogant. We are careful to only feature women who are ready to be a part of a true partnership, whose appearance only adds on and does justice to the beauty of their inner selves.
Amazing! TextMedia is correct!
]]></system-out>
    <system-err><![CDATA[Starting ChromeDriver 89.0.4389.23 (61b08ee2c50024bab004e48d2b1b083cdbdac579-refs/branch-heads/4389@{#294}) on port 42206
Only local connections are allowed.
Please see https://chromedriver.chromium.org/security-considerations for suggestions on keeping ChromeDriver safe.
ChromeDriver was started successfully.
Apr 07, 2021 1:53:20 PM org.openqa.selenium.remote.ProtocolHandshake createSession
INFO: Detected dialect: W3C
]]></system-err>
  </testcase>
  <testcase name="testMediaPage" classname="com.romanceabroad.ui.PhotosTests" time="8.542">
    <system-out><![CDATA[https://romanceabroad.com/media/index
]]></system-out>
    <system-err><![CDATA[Starting ChromeDriver 89.0.4389.23 (61b08ee2c50024bab004e48d2b1b083cdbdac579-refs/branch-heads/4389@{#294}) on port 20116
Only local connections are allowed.
Please see https://chromedriver.chromium.org/security-considerations for suggestions on keeping ChromeDriver safe.
ChromeDriver was started successfully.
Apr 07, 2021 1:53:46 PM org.openqa.selenium.remote.ProtocolHandshake createSession
INFO: Detected dialect: W3C
]]></system-err>
  </testcase>
  <testcase name="testArticlesAndTitles" classname="com.romanceabroad.ui.HowWeWorkTest" time="16.625">
    <system-err><![CDATA[Starting ChromeDriver 89.0.4389.23 (61b08ee2c50024bab004e48d2b1b083cdbdac579-refs/branch-heads/4389@{#294}) on port 25380
Only local connections are allowed.
Please see https://chromedriver.chromium.org/security-considerations for suggestions on keeping ChromeDriver safe.
ChromeDriver was started successfully.
Apr 07, 2021 1:54:04 PM org.openqa.selenium.remote.ProtocolHandshake createSession
INFO: Detected dialect: W3C
]]></system-err>
  </testcase>
  <testcase name="compareGiftTitlesWithOptions" classname="com.romanceabroad.ui.GiftTests" time="6.2">
    <system-out><![CDATA[8
6
Spa
Chocolate and fruits
Teddy bear
Flower basket
Sushi sets
TOURS TO UKRAINE
]]></system-out>
    <system-err><![CDATA[Starting ChromeDriver 89.0.4389.23 (61b08ee2c50024bab004e48d2b1b083cdbdac579-refs/branch-heads/4389@{#294}) on port 13161
Only local connections are allowed.
Please see https://chromedriver.chromium.org/security-considerations for suggestions on keeping ChromeDriver safe.
ChromeDriver was started successfully.
Apr 07, 2021 1:54:30 PM org.openqa.selenium.remote.ProtocolHandshake createSession
INFO: Detected dialect: W3C
]]></system-err>
  </testcase>
  <testcase name="testLinkGiftsPage" classname="com.romanceabroad.ui.GiftTests" time="6.988">
    <system-out><![CDATA[https://romanceabroad.com/store/category-sweets
]]></system-out>
    <system-err><![CDATA[Starting ChromeDriver 89.0.4389.23 (61b08ee2c50024bab004e48d2b1b083cdbdac579-refs/branch-heads/4389@{#294}) on port 3562
Only local connections are allowed.
Please see https://chromedriver.chromium.org/security-considerations for suggestions on keeping ChromeDriver safe.
ChromeDriver was started successfully.
Apr 07, 2021 1:54:43 PM org.openqa.selenium.remote.ProtocolHandshake createSession
INFO: Detected dialect: W3C
]]></system-err>
  </testcase>
  <testcase name="testValueOfTheListInFooterMenuGiftsPage" classname="com.romanceabroad.ui.GiftTests" time="8.235">
    <system-err><![CDATA[Starting ChromeDriver 89.0.4389.23 (61b08ee2c50024bab004e48d2b1b083cdbdac579-refs/branch-heads/4389@{#294}) on port 39800
Only local connections are allowed.
Please see https://chromedriver.chromium.org/security-considerations for suggestions on keeping ChromeDriver safe.
ChromeDriver was started successfully.
Apr 07, 2021 1:54:57 PM org.openqa.selenium.remote.ProtocolHandshake createSession
INFO: Detected dialect: W3C
]]></system-err>
  </testcase>
  <testcase name="testContactUsPage" classname="com.romanceabroad.ui.ContactUsTest" time="11.369">
    <system-out><![CDATA[Collect elements in list
Start using loop with size of list
Create new webelement of list
Create new String with text from element of list
Value of list: Pre-Sales Questions
Create new webelement of list
Create new String with text from element of list
Value of list: Technical support
Wait element of list is clickable
Click element of list
Create new webelement of list
Create new String with text from element of list
Value of list: Other
]]></system-out>
    <system-err><![CDATA[Starting ChromeDriver 89.0.4389.23 (61b08ee2c50024bab004e48d2b1b083cdbdac579-refs/branch-heads/4389@{#294}) on port 23840
Only local connections are allowed.
Please see https://chromedriver.chromium.org/security-considerations for suggestions on keeping ChromeDriver safe.
ChromeDriver was started successfully.
Apr 07, 2021 1:55:15 PM org.openqa.selenium.remote.ProtocolHandshake createSession
INFO: Detected dialect: W3C
]]></system-err>
  </testcase>
  <testcase name="testBlog" classname="com.romanceabroad.ui.BlogTest" time="6.551">
    <system-err><![CDATA[Starting ChromeDriver 89.0.4389.23 (61b08ee2c50024bab004e48d2b1b083cdbdac579-refs/branch-heads/4389@{#294}) on port 5684
Only local connections are allowed.
Please see https://chromedriver.chromium.org/security-considerations for suggestions on keeping ChromeDriver safe.
ChromeDriver was started successfully.
Apr 07, 2021 1:55:34 PM org.openqa.selenium.remote.ProtocolHandshake createSession
INFO: Detected dialect: W3C
]]></system-err>
  </testcase>
</testsuite>