<?xml version="1.0" encoding="UTF-8"?>
<testsuite xmlns:xsi="http://www.w3.org/2001/XMLSchema-instance" xsi:noNamespaceSchemaLocation="https://maven.apache.org/surefire/maven-surefire-plugin/xsd/surefire-test-report-3.0.xsd" version="3.0" name="TestSuite" time="88.398" tests="5" errors="0" skipped="0" failures="1">
  <properties>
[...]
</properties>
  <testcase name="testRegistration[file@gmail.com, password, 10, May, 2010, 3479998888, Miami, Florida](1)" classname="com.romanceabroad.ui.MainPageTests" time="6.603">
    <system-out><![CDATA[Wait Join button
Wait email text field
Type email in text field: file@gmail.com
Wait password text field
Type password in text field: password
Wait Next button
Click Next button
Type nickname: James7878477875
Click list of days
Select specific day: 10
Collect elements in list
Start using loop with size of list
Create new webelement of list
Create new String with text from element of list
Value of list: 1
Create new webelement of list
Create new String with text from element of list
Value of list: 2
Create new webelement of list
Create new String with text from element of list
Value of list: 3
Create new webelement of list
Create new String with text from element of list
Value of list: 4
Create new webelement of list
Create new String with text from element of list
Value of list: 5
Create new webelement of list
Create new String with text from element of list
Value of list: 6
Create new webelement of list
Create new String with text from element of list
Value of list: 7
Create new webelement of list
Create new String with text from element of list
Value of list: 8
Create new webelement of list
Create new String with text from element of list
Value of list: 9
Create new webelement of list
Create new String with text from element of list
Value of list: 10
Wait element of list is clickable
Click element of list
Create new webelement of list
Create new String with text from element of list
Value of list: 
Create new webelement of list
Create new String with text from element of list
Value of list: 
Create new webelement of list
Create new String with text from element of list
Value of list: 
Create new webelement of list
Create new String with text from element of list
Value of list: 
Create new webelement of list
Create new String with text from element of list
Value of list: 
Create new webelement of list
Create new String with text from element of list
Value of list: 
Create new webelement of list
Create new String with text from element of list
Value of list: 
Create new webelement of list
Create new String with text from element of list
Value of list: 
Create new webelement of list
Create new String with text from element of list
Value of list: 
Create new webelement of list
Create new String with text from element of list
Value of list: 
Create new webelement of list
Create new String with text from element of list
Value of list: 
Create new webelement of list
Create new String with text from element of list
Value of list: 
Create new webelement of list
Create new String with text from element of list
Value of list: 
Create new webelement of list
Create new String with text from element of list
Value of list: 
Create new webelement of list
Create new String with text from element of list
Value of list: 
Create new webelement of list
Create new String with text from element of list
Value of list: 
Create new webelement of list
Create new String with text from element of list
Value of list: 
Create new webelement of list
Create new String with text from element of list
Value of list: 
Create new webelement of list
Create new String with text from element of list
Value of list: 
Create new webelement of list
Create new String with text from element of list
Value of list: 
Click list of month
Select specific month: May
Collect elements in list
Start using loop with size of list
Create new webelement of list
Create new String with text from element of list
Value of list: Jan
Create new webelement of list
Create new String with text from element of list
Value of list: Feb
Create new webelement of list
Create new String with text from element of list
Value of list: Mar
Create new webelement of list
Create new String with text from element of list
Value of list: Apr
Create new webelement of list
Create new String with text from element of list
Value of list: May
Wait element of list is clickable
Click element of list
Create new webelement of list
Create new String with text from element of list
Value of list: 
Create new webelement of list
Create new String with text from element of list
Value of list: 
Create new webelement of list
Create new String with text from element of list
Value of list: 
Create new webelement of list
Create new String with text from element of list
Value of list: 
Create new webelement of list
Create new String with text from element of list
Value of list: 
Create new webelement of list
Create new String with text from element of list
Value of list: 
Create new webelement of list
Create new String with text from element of list
Value of list: 
Click list of year
Select specific year: 2010
Collect elements in list
Start using loop with size of list
Create new webelement of list
Create new String with text from element of list
Value of list: 2003
Create new webelement of list
Create new String with text from element of list
Value of list: 2002
Create new webelement of list
Create new String with text from element of list
Value of list: 2001
Create new webelement of list
Create new String with text from element of list
Value of list: 2000
Create new webelement of list
Create new String with text from element of list
Value of list: 1999
Create new webelement of list
Create new String with text from element of list
Value of list: 1998
Create new webelement of list
Create new String with text from element of list
Value of list: 1997
Create new webelement of list
Create new String with text from element of list
Value of list: 1996
Create new webelement of list
Create new String with text from element of list
Value of list: 1995
Create new webelement of list
Create new String with text from element of list
Value of list: 1994
Create new webelement of list
Create new String with text from element of list
Value of list: 1993
Create new webelement of list
Create new String with text from element of list
Value of list: 1992
Create new webelement of list
Create new String with text from element of list
Value of list: 1991
Create new webelement of list
Create new String with text from element of list
Value of list: 1990
Create new webelement of list
Create new String with text from element of list
Value of list: 1989
Create new webelement of list
Create new String with text from element of list
Value of list: 1988
Create new webelement of list
Create new String with text from element of list
Value of list: 1987
Create new webelement of list
Create new String with text from element of list
Value of list: 1986
Create new webelement of list
Create new String with text from element of list
Value of list: 1985
Create new webelement of list
Create new String with text from element of list
Value of list: 1984
Create new webelement of list
Create new String with text from element of list
Value of list: 1983
Create new webelement of list
Create new String with text from element of list
Value of list: 1982
Create new webelement of list
Create new String with text from element of list
Value of list: 1981
Create new webelement of list
Create new String with text from element of list
Value of list: 1980
Create new webelement of list
Create new String with text from element of list
Value of list: 1979
Create new webelement of list
Create new String with text from element of list
Value of list: 1978
Create new webelement of list
Create new String with text from element of list
Value of list: 1977
Create new webelement of list
Create new String with text from element of list
Value of list: 1976
Create new webelement of list
Create new String with text from element of list
Value of list: 1975
Create new webelement of list
Create new String with text from element of list
Value of list: 1974
Create new webelement of list
Create new String with text from element of list
Value of list: 1973
Create new webelement of list
Create new String with text from element of list
Value of list: 1972
Create new webelement of list
Create new String with text from element of list
Value of list: 1971
Create new webelement of list
Create new String with text from element of list
Value of list: 1970
Create new webelement of list
Create new String with text from element of list
Value of list: 1969
Create new webelement of list
Create new String with text from element of list
Value of list: 1968
Create new webelement of list
Create new String with text from element of list
Value of list: 1967
Create new webelement of list
Create new String with text from element of list
Value of list: 1966
Create new webelement of list
Create new String with text from element of list
Value of list: 1965
Create new webelement of list
Create new String with text from element of list
Value of list: 1964
Create new webelement of list
Create new String with text from element of list
Value of list: 1963
Create new webelement of list
Create new String with text from element of list
Value of list: 1962
Create new webelement of list
Create new String with text from element of list
Value of list: 1961
Create new webelement of list
Create new String with text from element of list
Value of list: 1960
Create new webelement of list
Create new String with text from element of list
Value of list: 1959
Create new webelement of list
Create new String with text from element of list
Value of list: 1958
Create new webelement of list
Create new String with text from element of list
Value of list: 1957
Create new webelement of list
Create new String with text from element of list
Value of list: 1956
Create new webelement of list
Create new String with text from element of list
Value of list: 1955
Create new webelement of list
Create new String with text from element of list
Value of list: 1954
Create new webelement of list
Create new String with text from element of list
Value of list: 1953
Create new webelement of list
Create new String with text from element of list
Value of list: 1952
Create new webelement of list
Create new String with text from element of list
Value of list: 1951
Create new webelement of list
Create new String with text from element of list
Value of list: 1950
Create new webelement of list
Create new String with text from element of list
Value of list: 1949
Create new webelement of list
Create new String with text from element of list
Value of list: 1948
Create new webelement of list
Create new String with text from element of list
Value of list: 1947
Create new webelement of list
Create new String with text from element of list
Value of list: 1946
Create new webelement of list
Create new String with text from element of list
Value of list: 1945
Create new webelement of list
Create new String with text from element of list
Value of list: 1944
Create new webelement of list
Create new String with text from element of list
Value of list: 1943
Create new webelement of list
Create new String with text from element of list
Value of list: 1942
Create new webelement of list
Create new String with text from element of list
Value of list: 1941
Type phone number: 3479998888
Clean location autofilling form
Type location: Miami
: 3479998888
Collect elements in list
Start using loop with size of list
Create new webelement of list
Create new String with text from element of list
Value of list: Miami, Arizona, United States
Create new webelement of list
Create new String with text from element of list
Value of list: Miami, Florida, United States
Wait element of list is clickable
Click element of list
Create new webelement of list
Create new String with text from element of list
Value of list: Miami Beach, Florida, United States
Wait element of list is clickable
Click element of list
Create new webelement of list
Create new String with text from element of list
Value of list: 
Create new webelement of list
Create new String with text from element of list
Value of list: 
Create new webelement of list
Create new String with text from element of list
Value of list: 
Create new webelement of list
Create new String with text from element of list
Value of list: 
Create new webelement of list
Create new String with text from element of list
Value of list: 
Create new webelement of list
Create new String with text from element of list
Value of list: 
Create new webelement of list
Create new String with text from element of list
Value of list: 
Create new webelement of list
Create new String with text from element of list
Value of list: 
Click confirmation checkbox
]]></system-out>
    <system-err><![CDATA[Starting ChromeDriver 89.0.4389.23 (61b08ee2c50024bab004e48d2b1b083cdbdac579-refs/branch-heads/4389@{#294}) on port 1339
Only local connections are allowed.
Please see https://chromedriver.chromium.org/security-considerations for suggestions on keeping ChromeDriver safe.
ChromeDriver was started successfully.
Apr 07, 2021 12:59:15 PM org.openqa.selenium.remote.ProtocolHandshake createSession
INFO: Detected dialect: W3C
log4j:WARN No appenders could be found for logger (com.automation.remarks.video.recorder.monte.MonteRecorder).
log4j:WARN Please initialize the log4j system properly.
log4j:WARN See http://logging.apache.org/log4j/1.2/faq.html#noconfig for more info.
]]></system-err>
  </testcase>
  <testcase name="testRegistration[edit@mail.ru, p@ssword, 1, Jun, 1999, 5667779999, Miami, Florida](2)" classname="com.romanceabroad.ui.MainPageTests" time="6.079">
    <system-out><![CDATA[Wait Join button
Wait email text field
Type email in text field: edit@mail.ru
Wait password text field
Type password in text field: p@ssword
Wait Next button
Click Next button
Type nickname: James7443451388
Click list of days
Select specific day: 1
Collect elements in list
Start using loop with size of list
Create new webelement of list
Create new String with text from element of list
Value of list: 1
Wait element of list is clickable
Click element of list
Create new webelement of list
Create new String with text from element of list
Value of list: 
Create new webelement of list
Create new String with text from element of list
Value of list: 
Create new webelement of list
Create new String with text from element of list
Value of list: 
Create new webelement of list
Create new String with text from element of list
Value of list: 
Create new webelement of list
Create new String with text from element of list
Value of list: 
Create new webelement of list
Create new String with text from element of list
Value of list: 
Create new webelement of list
Create new String with text from element of list
Value of list: 
Create new webelement of list
Create new String with text from element of list
Value of list: 
Create new webelement of list
Create new String with text from element of list
Value of list: 
Create new webelement of list
Create new String with text from element of list
Value of list: 
Create new webelement of list
Create new String with text from element of list
Value of list: 
Create new webelement of list
Create new String with text from element of list
Value of list: 
Create new webelement of list
Create new String with text from element of list
Value of list: 
Create new webelement of list
Create new String with text from element of list
Value of list: 
Create new webelement of list
Create new String with text from element of list
Value of list: 
Create new webelement of list
Create new String with text from element of list
Value of list: 
Create new webelement of list
Create new String with text from element of list
Value of list: 
Create new webelement of list
Create new String with text from element of list
Value of list: 
Create new webelement of list
Create new String with text from element of list
Value of list: 
Create new webelement of list
Create new String with text from element of list
Value of list: 
Create new webelement of list
Create new String with text from element of list
Value of list: 
Create new webelement of list
Create new String with text from element of list
Value of list: 
Create new webelement of list
Create new String with text from element of list
Value of list: 
Create new webelement of list
Create new String with text from element of list
Value of list: 
Create new webelement of list
Create new String with text from element of list
Value of list: 
Create new webelement of list
Create new String with text from element of list
Value of list: 
Create new webelement of list
Create new String with text from element of list
Value of list: 
Create new webelement of list
Create new String with text from element of list
Value of list: 
Create new webelement of list
Create new String with text from element of list
Value of list: 
Click list of month
Select specific month: Jun
Collect elements in list
Start using loop with size of list
Create new webelement of list
Create new String with text from element of list
Value of list: Jan
Create new webelement of list
Create new String with text from element of list
Value of list: Feb
Create new webelement of list
Create new String with text from element of list
Value of list: Mar
Create new webelement of list
Create new String with text from element of list
Value of list: Apr
Create new webelement of list
Create new String with text from element of list
Value of list: May
Create new webelement of list
Create new String with text from element of list
Value of list: Jun
Wait element of list is clickable
Click element of list
Create new webelement of list
Create new String with text from element of list
Value of list: 
Create new webelement of list
Create new String with text from element of list
Value of list: 
Create new webelement of list
Create new String with text from element of list
Value of list: 
Create new webelement of list
Create new String with text from element of list
Value of list: 
Create new webelement of list
Create new String with text from element of list
Value of list: 
Create new webelement of list
Create new String with text from element of list
Value of list: 
Click list of year
Select specific year: 1999
Collect elements in list
Start using loop with size of list
Create new webelement of list
Create new String with text from element of list
Value of list: 2003
Create new webelement of list
Create new String with text from element of list
Value of list: 2002
Create new webelement of list
Create new String with text from element of list
Value of list: 2001
Create new webelement of list
Create new String with text from element of list
Value of list: 2000
Create new webelement of list
Create new String with text from element of list
Value of list: 1999
Wait element of list is clickable
Click element of list
Create new webelement of list
Create new String with text from element of list
Value of list: 
Create new webelement of list
Create new String with text from element of list
Value of list: 
Create new webelement of list
Create new String with text from element of list
Value of list: 
Create new webelement of list
Create new String with text from element of list
Value of list: 
Create new webelement of list
Create new String with text from element of list
Value of list: 
Create new webelement of list
Create new String with text from element of list
Value of list: 
Create new webelement of list
Create new String with text from element of list
Value of list: 
Create new webelement of list
Create new String with text from element of list
Value of list: 
Create new webelement of list
Create new String with text from element of list
Value of list: 
Create new webelement of list
Create new String with text from element of list
Value of list: 
Create new webelement of list
Create new String with text from element of list
Value of list: 
Create new webelement of list
Create new String with text from element of list
Value of list: 
Create new webelement of list
Create new String with text from element of list
Value of list: 
Create new webelement of list
Create new String with text from element of list
Value of list: 
Create new webelement of list
Create new String with text from element of list
Value of list: 
Create new webelement of list
Create new String with text from element of list
Value of list: 
Create new webelement of list
Create new String with text from element of list
Value of list: 
Create new webelement of list
Create new String with text from element of list
Value of list: 
Create new webelement of list
Create new String with text from element of list
Value of list: 
Create new webelement of list
Create new String with text from element of list
Value of list: 
Create new webelement of list
Create new String with text from element of list
Value of list: 
Create new webelement of list
Create new String with text from element of list
Value of list: 
Create new webelement of list
Create new String with text from element of list
Value of list: 
Create new webelement of list
Create new String with text from element of list
Value of list: 
Create new webelement of list
Create new String with text from element of list
Value of list: 
Create new webelement of list
Create new String with text from element of list
Value of list: 
Create new webelement of list
Create new String with text from element of list
Value of list: 
Create new webelement of list
Create new String with text from element of list
Value of list: 
Create new webelement of list
Create new String with text from element of list
Value of list: 
Create new webelement of list
Create new String with text from element of list
Value of list: 
Create new webelement of list
Create new String with text from element of list
Value of list: 
Create new webelement of list
Create new String with text from element of list
Value of list: 
Create new webelement of list
Create new String with text from element of list
Value of list: 
Create new webelement of list
Create new String with text from element of list
Value of list: 
Create new webelement of list
Create new String with text from element of list
Value of list: 
Create new webelement of list
Create new String with text from element of list
Value of list: 
Create new webelement of list
Create new String with text from element of list
Value of list: 
Create new webelement of list
Create new String with text from element of list
Value of list: 
Create new webelement of list
Create new String with text from element of list
Value of list: 
Create new webelement of list
Create new String with text from element of list
Value of list: 
Create new webelement of list
Create new String with text from element of list
Value of list: 
Create new webelement of list
Create new String with text from element of list
Value of list: 
Create new webelement of list
Create new String with text from element of list
Value of list: 
Create new webelement of list
Create new String with text from element of list
Value of list: 
Create new webelement of list
Create new String with text from element of list
Value of list: 
Create new webelement of list
Create new String with text from element of list
Value of list: 
Create new webelement of list
Create new String with text from element of list
Value of list: 
Create new webelement of list
Create new String with text from element of list
Value of list: 
Create new webelement of list
Create new String with text from element of list
Value of list: 
Create new webelement of list
Create new String with text from element of list
Value of list: 
Create new webelement of list
Create new String with text from element of list
Value of list: 
Create new webelement of list
Create new String with text from element of list
Value of list: 
Create new webelement of list
Create new String with text from element of list
Value of list: 
Create new webelement of list
Create new String with text from element of list
Value of list: 
Create new webelement of list
Create new String with text from element of list
Value of list: 
Create new webelement of list
Create new String with text from element of list
Value of list: 
Create new webelement of list
Create new String with text from element of list
Value of list: 
Create new webelement of list
Create new String with text from element of list
Value of list: 
Type phone number: 5667779999
Clean location autofilling form
Type location: Miami
: 5667779999
Collect elements in list
Start using loop with size of list
Create new webelement of list
Create new String with text from element of list
Value of list: Miami, Arizona, United States
Create new webelement of list
Create new String with text from element of list
Value of list: Miami, Florida, United States
Wait element of list is clickable
Click element of list
Create new webelement of list
Create new String with text from element of list
Value of list: Miami Beach, Florida, United States
Wait element of list is clickable
Click element of list
Create new webelement of list
Create new String with text from element of list
Value of list: 
Create new webelement of list
Create new String with text from element of list
Value of list: 
Create new webelement of list
Create new String with text from element of list
Value of list: 
Create new webelement of list
Create new String with text from element of list
Value of list: 
Create new webelement of list
Create new String with text from element of list
Value of list: 
Create new webelement of list
Create new String with text from element of list
Value of list: 
Create new webelement of list
Create new String with text from element of list
Value of list: 
Create new webelement of list
Create new String with text from element of list
Value of list: 
Click confirmation checkbox
]]></system-out>
    <system-err><![CDATA[Starting ChromeDriver 89.0.4389.23 (61b08ee2c50024bab004e48d2b1b083cdbdac579-refs/branch-heads/4389@{#294}) on port 26877
Only local connections are allowed.
Please see https://chromedriver.chromium.org/security-considerations for suggestions on keeping ChromeDriver safe.
ChromeDriver was started successfully.
Apr 07, 2021 12:59:34 PM org.openqa.selenium.remote.ProtocolHandshake createSession
INFO: Detected dialect: W3C
]]></system-err>
  </testcase>
  <testcase name="testRegistration[search@aol.com, p@ssw0rd, 12, Jul, 1975, 8754531287, Miami, Florida](3)" classname="com.romanceabroad.ui.MainPageTests" time="6.957">
    <system-out><![CDATA[Wait Join button
Wait email text field
Type email in text field: search@aol.com
Wait password text field
Type password in text field: p@ssw0rd
Wait Next button
Click Next button
Type nickname: James7457773835
Click list of days
Select specific day: 12
Collect elements in list
Start using loop with size of list
Create new webelement of list
Create new String with text from element of list
Value of list: 1
Create new webelement of list
Create new String with text from element of list
Value of list: 2
Create new webelement of list
Create new String with text from element of list
Value of list: 3
Create new webelement of list
Create new String with text from element of list
Value of list: 4
Create new webelement of list
Create new String with text from element of list
Value of list: 5
Create new webelement of list
Create new String with text from element of list
Value of list: 6
Create new webelement of list
Create new String with text from element of list
Value of list: 7
Create new webelement of list
Create new String with text from element of list
Value of list: 8
Create new webelement of list
Create new String with text from element of list
Value of list: 9
Create new webelement of list
Create new String with text from element of list
Value of list: 10
Create new webelement of list
Create new String with text from element of list
Value of list: 11
Create new webelement of list
Create new String with text from element of list
Value of list: 12
Wait element of list is clickable
Click element of list
Create new webelement of list
Create new String with text from element of list
Value of list: 
Create new webelement of list
Create new String with text from element of list
Value of list: 
Create new webelement of list
Create new String with text from element of list
Value of list: 
Create new webelement of list
Create new String with text from element of list
Value of list: 
Create new webelement of list
Create new String with text from element of list
Value of list: 
Create new webelement of list
Create new String with text from element of list
Value of list: 
Create new webelement of list
Create new String with text from element of list
Value of list: 
Create new webelement of list
Create new String with text from element of list
Value of list: 
Create new webelement of list
Create new String with text from element of list
Value of list: 
Create new webelement of list
Create new String with text from element of list
Value of list: 
Create new webelement of list
Create new String with text from element of list
Value of list: 
Create new webelement of list
Create new String with text from element of list
Value of list: 
Create new webelement of list
Create new String with text from element of list
Value of list: 
Create new webelement of list
Create new String with text from element of list
Value of list: 
Create new webelement of list
Create new String with text from element of list
Value of list: 
Create new webelement of list
Create new String with text from element of list
Value of list: 
Create new webelement of list
Create new String with text from element of list
Value of list: 
Create new webelement of list
Create new String with text from element of list
Value of list: 
Click list of month
Select specific month: Jul
Collect elements in list
Start using loop with size of list
Create new webelement of list
Create new String with text from element of list
Value of list: Jan
Create new webelement of list
Create new String with text from element of list
Value of list: Feb
Create new webelement of list
Create new String with text from element of list
Value of list: Mar
Create new webelement of list
Create new String with text from element of list
Value of list: Apr
Create new webelement of list
Create new String with text from element of list
Value of list: May
Create new webelement of list
Create new String with text from element of list
Value of list: Jun
Create new webelement of list
Create new String with text from element of list
Value of list: Jul
Wait element of list is clickable
Click element of list
Create new webelement of list
Create new String with text from element of list
Value of list: 
Create new webelement of list
Create new String with text from element of list
Value of list: 
Create new webelement of list
Create new String with text from element of list
Value of list: 
Create new webelement of list
Create new String with text from element of list
Value of list: 
Create new webelement of list
Create new String with text from element of list
Value of list: 
Click list of year
Select specific year: 1975
Collect elements in list
Start using loop with size of list
Create new webelement of list
Create new String with text from element of list
Value of list: 2003
Create new webelement of list
Create new String with text from element of list
Value of list: 2002
Create new webelement of list
Create new String with text from element of list
Value of list: 2001
Create new webelement of list
Create new String with text from element of list
Value of list: 2000
Create new webelement of list
Create new String with text from element of list
Value of list: 1999
Create new webelement of list
Create new String with text from element of list
Value of list: 1998
Create new webelement of list
Create new String with text from element of list
Value of list: 1997
Create new webelement of list
Create new String with text from element of list
Value of list: 1996
Create new webelement of list
Create new String with text from element of list
Value of list: 1995
Create new webelement of list
Create new String with text from element of list
Value of list: 1994
Create new webelement of list
Create new String with text from element of list
Value of list: 1993
Create new webelement of list
Create new String with text from element of list
Value of list: 1992
Create new webelement of list
Create new String with text from element of list
Value of list: 1991
Create new webelement of list
Create new String with text from element of list
Value of list: 1990
Create new webelement of list
Create new String with text from element of list
Value of list: 1989
Create new webelement of list
Create new String with text from element of list
Value of list: 1988
Create new webelement of list
Create new String with text from element of list
Value of list: 1987
Create new webelement of list
Create new String with text from element of list
Value of list: 1986
Create new webelement of list
Create new String with text from element of list
Value of list: 1985
Create new webelement of list
Create new String with text from element of list
Value of list: 1984
Create new webelement of list
Create new String with text from element of list
Value of list: 1983
Create new webelement of list
Create new String with text from element of list
Value of list: 1982
Create new webelement of list
Create new String with text from element of list
Value of list: 1981
Create new webelement of list
Create new String with text from element of list
Value of list: 1980
Create new webelement of list
Create new String with text from element of list
Value of list: 1979
Create new webelement of list
Create new String with text from element of list
Value of list: 1978
Create new webelement of list
Create new String with text from element of list
Value of list: 1977
Create new webelement of list
Create new String with text from element of list
Value of list: 1976
Create new webelement of list
Create new String with text from element of list
Value of list: 1975
Wait element of list is clickable
Click element of list
Create new webelement of list
Create new String with text from element of list
Value of list: 
Create new webelement of list
Create new String with text from element of list
Value of list: 
Create new webelement of list
Create new String with text from element of list
Value of list: 
Create new webelement of list
Create new String with text from element of list
Value of list: 
Create new webelement of list
Create new String with text from element of list
Value of list: 
Create new webelement of list
Create new String with text from element of list
Value of list: 
Create new webelement of list
Create new String with text from element of list
Value of list: 
Create new webelement of list
Create new String with text from element of list
Value of list: 
Create new webelement of list
Create new String with text from element of list
Value of list: 
Create new webelement of list
Create new String with text from element of list
Value of list: 
Create new webelement of list
Create new String with text from element of list
Value of list: 
Create new webelement of list
Create new String with text from element of list
Value of list: 
Create new webelement of list
Create new String with text from element of list
Value of list: 
Create new webelement of list
Create new String with text from element of list
Value of list: 
Create new webelement of list
Create new String with text from element of list
Value of list: 
Create new webelement of list
Create new String with text from element of list
Value of list: 
Create new webelement of list
Create new String with text from element of list
Value of list: 
Create new webelement of list
Create new String with text from element of list
Value of list: 
Create new webelement of list
Create new String with text from element of list
Value of list: 
Create new webelement of list
Create new String with text from element of list
Value of list: 
Create new webelement of list
Create new String with text from element of list
Value of list: 
Create new webelement of list
Create new String with text from element of list
Value of list: 
Create new webelement of list
Create new String with text from element of list
Value of list: 
Create new webelement of list
Create new String with text from element of list
Value of list: 
Create new webelement of list
Create new String with text from element of list
Value of list: 
Create new webelement of list
Create new String with text from element of list
Value of list: 
Create new webelement of list
Create new String with text from element of list
Value of list: 
Create new webelement of list
Create new String with text from element of list
Value of list: 
Create new webelement of list
Create new String with text from element of list
Value of list: 
Create new webelement of list
Create new String with text from element of list
Value of list: 
Create new webelement of list
Create new String with text from element of list
Value of list: 
Create new webelement of list
Create new String with text from element of list
Value of list: 
Create new webelement of list
Create new String with text from element of list
Value of list: 
Create new webelement of list
Create new String with text from element of list
Value of list: 
Type phone number: 8754531287
Clean location autofilling form
Type location: Miami
: 8754531287
Collect elements in list
Start using loop with size of list
Create new webelement of list
Create new String with text from element of list
Value of list: Miami, Arizona, United States
Create new webelement of list
Create new String with text from element of list
Value of list: Miami, Florida, United States
Wait element of list is clickable
Click element of list
Create new webelement of list
Create new String with text from element of list
Value of list: Miami Beach, Florida, United States
Wait element of list is clickable
Click element of list
Create new webelement of list
Create new String with text from element of list
Value of list: 
Create new webelement of list
Create new String with text from element of list
Value of list: 
Create new webelement of list
Create new String with text from element of list
Value of list: 
Create new webelement of list
Create new String with text from element of list
Value of list: 
Create new webelement of list
Create new String with text from element of list
Value of list: 
Create new webelement of list
Create new String with text from element of list
Value of list: 
Create new webelement of list
Create new String with text from element of list
Value of list: 
Create new webelement of list
Create new String with text from element of list
Value of list: 
Click confirmation checkbox
]]></system-out>
    <system-err><![CDATA[Starting ChromeDriver 89.0.4389.23 (61b08ee2c50024bab004e48d2b1b083cdbdac579-refs/branch-heads/4389@{#294}) on port 27681
Only local connections are allowed.
Please see https://chromedriver.chromium.org/security-considerations for suggestions on keeping ChromeDriver safe.
ChromeDriver was started successfully.
Apr 07, 2021 12:59:51 PM org.openqa.selenium.remote.ProtocolHandshake createSession
INFO: Detected dialect: W3C
]]></system-err>
  </testcase>
  <testcase name="testRegistration2[AAA@gmail.com, James7, true](1)" classname="com.romanceabroad.ui.MainPageTests" time="5.643">
    <system-out><![CDATA[AAA@gmail.com
Wait Join button
Wait email text field
Type email in text field: AAA@gmail.com
Wait password text field
Type password in text field: AAAAAAAAAAA
Wait Next button
Click Next button
Type nickname: James7
Click list of days
Select specific day: 10
Collect elements in list
Start using loop with size of list
Create new webelement of list
Create new String with text from element of list
Value of list: 1
Create new webelement of list
Create new String with text from element of list
Value of list: 2
Create new webelement of list
Create new String with text from element of list
Value of list: 3
Create new webelement of list
Create new String with text from element of list
Value of list: 4
Create new webelement of list
Create new String with text from element of list
Value of list: 5
Create new webelement of list
Create new String with text from element of list
Value of list: 6
Create new webelement of list
Create new String with text from element of list
Value of list: 7
Create new webelement of list
Create new String with text from element of list
Value of list: 8
Create new webelement of list
Create new String with text from element of list
Value of list: 9
Create new webelement of list
Create new String with text from element of list
Value of list: 10
Wait element of list is clickable
Click element of list
Create new webelement of list
Create new String with text from element of list
Value of list: 
Create new webelement of list
Create new String with text from element of list
Value of list: 
Create new webelement of list
Create new String with text from element of list
Value of list: 
Create new webelement of list
Create new String with text from element of list
Value of list: 
Create new webelement of list
Create new String with text from element of list
Value of list: 
Create new webelement of list
Create new String with text from element of list
Value of list: 
Create new webelement of list
Create new String with text from element of list
Value of list: 
Create new webelement of list
Create new String with text from element of list
Value of list: 
Create new webelement of list
Create new String with text from element of list
Value of list: 
Create new webelement of list
Create new String with text from element of list
Value of list: 
Create new webelement of list
Create new String with text from element of list
Value of list: 
Create new webelement of list
Create new String with text from element of list
Value of list: 
Create new webelement of list
Create new String with text from element of list
Value of list: 
Create new webelement of list
Create new String with text from element of list
Value of list: 
Create new webelement of list
Create new String with text from element of list
Value of list: 
Create new webelement of list
Create new String with text from element of list
Value of list: 
Create new webelement of list
Create new String with text from element of list
Value of list: 
Create new webelement of list
Create new String with text from element of list
Value of list: 
Create new webelement of list
Create new String with text from element of list
Value of list: 
Create new webelement of list
Create new String with text from element of list
Value of list: 
Click list of month
Select specific month: Jun
Collect elements in list
Start using loop with size of list
Create new webelement of list
Create new String with text from element of list
Value of list: Jan
Create new webelement of list
Create new String with text from element of list
Value of list: Feb
Create new webelement of list
Create new String with text from element of list
Value of list: Mar
Create new webelement of list
Create new String with text from element of list
Value of list: Apr
Create new webelement of list
Create new String with text from element of list
Value of list: May
Create new webelement of list
Create new String with text from element of list
Value of list: Jun
Wait element of list is clickable
Click element of list
Create new webelement of list
Create new String with text from element of list
Value of list: 
Create new webelement of list
Create new String with text from element of list
Value of list: 
Create new webelement of list
Create new String with text from element of list
Value of list: 
Create new webelement of list
Create new String with text from element of list
Value of list: 
Create new webelement of list
Create new String with text from element of list
Value of list: 
Create new webelement of list
Create new String with text from element of list
Value of list: 
Click list of year
Select specific year: 1990
Collect elements in list
Start using loop with size of list
Create new webelement of list
Create new String with text from element of list
Value of list: 2003
Create new webelement of list
Create new String with text from element of list
Value of list: 2002
Create new webelement of list
Create new String with text from element of list
Value of list: 2001
Create new webelement of list
Create new String with text from element of list
Value of list: 2000
Create new webelement of list
Create new String with text from element of list
Value of list: 1999
Create new webelement of list
Create new String with text from element of list
Value of list: 1998
Create new webelement of list
Create new String with text from element of list
Value of list: 1997
Create new webelement of list
Create new String with text from element of list
Value of list: 1996
Create new webelement of list
Create new String with text from element of list
Value of list: 1995
Create new webelement of list
Create new String with text from element of list
Value of list: 1994
Create new webelement of list
Create new String with text from element of list
Value of list: 1993
Create new webelement of list
Create new String with text from element of list
Value of list: 1992
Create new webelement of list
Create new String with text from element of list
Value of list: 1991
Create new webelement of list
Create new String with text from element of list
Value of list: 1990
Wait element of list is clickable
Click element of list
Create new webelement of list
Create new String with text from element of list
Value of list: 
Create new webelement of list
Create new String with text from element of list
Value of list: 
Create new webelement of list
Create new String with text from element of list
Value of list: 
Create new webelement of list
Create new String with text from element of list
Value of list: 
Create new webelement of list
Create new String with text from element of list
Value of list: 
Create new webelement of list
Create new String with text from element of list
Value of list: 
Create new webelement of list
Create new String with text from element of list
Value of list: 
Create new webelement of list
Create new String with text from element of list
Value of list: 
Create new webelement of list
Create new String with text from element of list
Value of list: 
Create new webelement of list
Create new String with text from element of list
Value of list: 
Create new webelement of list
Create new String with text from element of list
Value of list: 
Create new webelement of list
Create new String with text from element of list
Value of list: 
Create new webelement of list
Create new String with text from element of list
Value of list: 
Create new webelement of list
Create new String with text from element of list
Value of list: 
Create new webelement of list
Create new String with text from element of list
Value of list: 
Create new webelement of list
Create new String with text from element of list
Value of list: 
Create new webelement of list
Create new String with text from element of list
Value of list: 
Create new webelement of list
Create new String with text from element of list
Value of list: 
Create new webelement of list
Create new String with text from element of list
Value of list: 
Create new webelement of list
Create new String with text from element of list
Value of list: 
Create new webelement of list
Create new String with text from element of list
Value of list: 
Create new webelement of list
Create new String with text from element of list
Value of list: 
Create new webelement of list
Create new String with text from element of list
Value of list: 
Create new webelement of list
Create new String with text from element of list
Value of list: 
Create new webelement of list
Create new String with text from element of list
Value of list: 
Create new webelement of list
Create new String with text from element of list
Value of list: 
Create new webelement of list
Create new String with text from element of list
Value of list: 
Create new webelement of list
Create new String with text from element of list
Value of list: 
Create new webelement of list
Create new String with text from element of list
Value of list: 
Create new webelement of list
Create new String with text from element of list
Value of list: 
Create new webelement of list
Create new String with text from element of list
Value of list: 
Create new webelement of list
Create new String with text from element of list
Value of list: 
Create new webelement of list
Create new String with text from element of list
Value of list: 
Create new webelement of list
Create new String with text from element of list
Value of list: 
Create new webelement of list
Create new String with text from element of list
Value of list: 
Create new webelement of list
Create new String with text from element of list
Value of list: 
Create new webelement of list
Create new String with text from element of list
Value of list: 
Create new webelement of list
Create new String with text from element of list
Value of list: 
Create new webelement of list
Create new String with text from element of list
Value of list: 
Create new webelement of list
Create new String with text from element of list
Value of list: 
Create new webelement of list
Create new String with text from element of list
Value of list: 
Create new webelement of list
Create new String with text from element of list
Value of list: 
Create new webelement of list
Create new String with text from element of list
Value of list: 
Create new webelement of list
Create new String with text from element of list
Value of list: 
Create new webelement of list
Create new String with text from element of list
Value of list: 
Create new webelement of list
Create new String with text from element of list
Value of list: 
Create new webelement of list
Create new String with text from element of list
Value of list: 
Create new webelement of list
Create new String with text from element of list
Value of list: 
Create new webelement of list
Create new String with text from element of list
Value of list: 
Type phone number: 23495732475273
Clean location autofilling form
Type location: San Diego
: 23495732475273
Collect elements in list
Start using loop with size of list
Create new webelement of list
Create new String with text from element of list
Value of list: Rancho San Diego, California, United States
Wait element of list is clickable
Click element of list
Create new webelement of list
Create new String with text from element of list
Value of list: San Diego, California, United States
Wait element of list is clickable
Click element of list
Create new webelement of list
Create new String with text from element of list
Value of list: San Diego Country Estates, California, United States
Create new webelement of list
Create new String with text from element of list
Value of list: 
Create new webelement of list
Create new String with text from element of list
Value of list: 
Click confirmation checkbox
]]></system-out>
    <system-err><![CDATA[Starting ChromeDriver 89.0.4389.23 (61b08ee2c50024bab004e48d2b1b083cdbdac579-refs/branch-heads/4389@{#294}) on port 47472
Only local connections are allowed.
Please see https://chromedriver.chromium.org/security-considerations for suggestions on keeping ChromeDriver safe.
ChromeDriver was started successfully.
Apr 07, 2021 1:00:08 PM org.openqa.selenium.remote.ProtocolHandshake createSession
INFO: Detected dialect: W3C
]]></system-err>
  </testcase>
  <testcase name="testSignIn[usergmail.com, AAAAAAAAAAA, false](1)" classname="com.romanceabroad.ui.MainPageTests" time="3.295">
    <failure message="no such element: Unable to locate element: {&quot;method&quot;:&quot;xpath&quot;,&quot;selector&quot;:&quot;//div[@class=&apos;inside logform&apos;]//input[@id=&apos;email&apos;]&quot;}&#10;  (Session info: chrome=89.0.4389.114)&#10;For documentation on this error, please visit: https://www.seleniumhq.org/exceptions/no_such_element.html&#10;Build info: version: &apos;3.141.59&apos;, revision: &apos;e82be7d358&apos;, time: &apos;2018-11-14T08:17:03&apos;&#10;System info: host: &apos;MSI&apos;, ip: &apos;169.254.15.239&apos;, os.name: &apos;Windows 10&apos;, os.arch: &apos;amd64&apos;, os.version: &apos;10.0&apos;, java.version: &apos;1.8.0_281&apos;&#10;Driver info: org.openqa.selenium.chrome.ChromeDriver&#10;Capabilities {acceptInsecureCerts: false, browserName: chrome, browserVersion: 89.0.4389.114, chrome: {chromedriverVersion: 89.0.4389.23 (61b08ee2c5002..., userDataDir: C:\Windows\TEMP\scoped_dir1...}, goog:chromeOptions: {debuggerAddress: localhost:51257}, javascriptEnabled: true, networkConnectionEnabled: false, pageLoadStrategy: normal, platform: WINDOWS, platformName: WINDOWS, proxy: Proxy(), setWindowRect: true, strictFileInteractability: false, timeouts: {implicit: 0, pageLoad: 300000, script: 30000}, unhandledPromptBehavior: dismiss and notify, webauthn:extension:largeBlob: true, webauthn:virtualAuthenticators: true}&#10;Session ID: 56baf1bc5a58fd9ec6a086a62c3885c0&#10;*** Element info: {Using=xpath, value=//div[@class=&apos;inside logform&apos;]//input[@id=&apos;email&apos;]}" type="org.openqa.selenium.NoSuchElementException"><![CDATA[org.openqa.selenium.NoSuchElementException: 
no such element: Unable to locate element: {"method":"xpath","selector":"//div[@class='inside logform']//input[@id='email']"}
  (Session info: chrome=89.0.4389.114)
For documentation on this error, please visit: https://www.seleniumhq.org/exceptions/no_such_element.html
Build info: version: '3.141.59', revision: 'e82be7d358', time: '2018-11-14T08:17:03'
System info: host: 'MSI', ip: '169.254.15.239', os.name: 'Windows 10', os.arch: 'amd64', os.version: '10.0', java.version: '1.8.0_281'
Driver info: org.openqa.selenium.chrome.ChromeDriver
Capabilities {acceptInsecureCerts: false, browserName: chrome, browserVersion: 89.0.4389.114, chrome: {chromedriverVersion: 89.0.4389.23 (61b08ee2c5002..., userDataDir: C:\Windows\TEMP\scoped_dir1...}, goog:chromeOptions: {debuggerAddress: localhost:51257}, javascriptEnabled: true, networkConnectionEnabled: false, pageLoadStrategy: normal, platform: WINDOWS, platformName: WINDOWS, proxy: Proxy(), setWindowRect: true, strictFileInteractability: false, timeouts: {implicit: 0, pageLoad: 300000, script: 30000}, unhandledPromptBehavior: dismiss and notify, webauthn:extension:largeBlob: true, webauthn:virtualAuthenticators: true}
Session ID: 56baf1bc5a58fd9ec6a086a62c3885c0
*** Element info: {Using=xpath, value=//div[@class='inside logform']//input[@id='email']}
	at com.romanceabroad.ui.MainPageTests.testSignIn(MainPageTests.java:35)
]]></failure>
    <system-err><![CDATA[Starting ChromeDriver 89.0.4389.23 (61b08ee2c50024bab004e48d2b1b083cdbdac579-refs/branch-heads/4389@{#294}) on port 27333
Only local connections are allowed.
Please see https://chromedriver.chromium.org/security-considerations for suggestions on keeping ChromeDriver safe.
ChromeDriver was started successfully.
Apr 07, 2021 1:00:27 PM org.openqa.selenium.remote.ProtocolHandshake createSession
INFO: Detected dialect: W3C
]]></system-err>
  </testcase>
</testsuite>